SF:lib/features/workout/widgets/exercise_set_progress.dart
DA:16,2
DA:25,2
DA:27,4
DA:28,6
DA:30,2
DA:33,4
DA:34,2
DA:36,6
DA:37,4
DA:38,2
DA:39,10
DA:40,2
DA:43,2
DA:44,2
DA:45,2
DA:56,2
DA:57,2
DA:58,4
DA:69,2
DA:77,2
DA:78,2
DA:86,2
DA:88,2
DA:89,4
DA:93,6
DA:94,2
DA:95,2
DA:98,4
DA:101,2
DA:102,2
DA:105,4
DA:108,4
DA:109,10
DA:110,2
DA:114,0
DA:116,0
DA:117,0
DA:118,0
DA:119,0
DA:120,0
DA:121,0
DA:122,0
DA:123,0
DA:124,0
DA:128,2
DA:130,4
DA:131,2
DA:134,2
DA:136,2
DA:140,4
DA:141,2
DA:142,2
DA:146,2
DA:149,2
DA:150,8
DA:157,2
DA:160,2
DA:161,8
DA:162,2
DA:164,2
DA:170,4
DA:171,2
DA:172,12
DA:173,2
DA:174,12
DA:175,2
DA:176,12
DA:179,2
DA:182,4
DA:183,4
DA:184,2
DA:186,8
DA:187,2
DA:188,6
DA:189,2
DA:190,2
DA:191,2
DA:202,2
DA:204,10
DA:205,2
LF:80
LH:70
end_of_record
SF:lib/core/network/gemini_client.dart
DA:17,2
DA:23,1
DA:25,1
DA:27,1
DA:29,1
DA:31,1
DA:33,1
DA:35,0
DA:40,0
DA:42,0
DA:53,2
DA:57,2
DA:58,2
DA:65,6
DA:66,2
DA:69,4
DA:77,1
DA:82,1
DA:83,1
DA:84,1
DA:86,1
DA:87,1
DA:93,2
DA:96,2
DA:99,2
DA:100,1
DA:101,1
DA:102,2
DA:103,2
DA:104,1
DA:106,0
DA:111,1
DA:112,1
DA:113,1
DA:114,1
DA:115,1
DA:116,0
DA:121,1
DA:122,2
DA:123,2
DA:124,2
DA:125,2
DA:128,2
DA:131,1
DA:132,1
DA:133,1
DA:137,1
DA:138,1
DA:139,0
DA:140,0
DA:142,0
DA:143,0
DA:144,0
DA:150,0
DA:155,1
DA:159,1
DA:160,1
DA:161,1
DA:163,1
DA:164,1
DA:171,2
DA:174,2
DA:175,1
DA:181,1
DA:182,1
DA:183,1
DA:184,1
DA:185,1
DA:190,2
DA:194,3
DA:195,1
DA:199,0
DA:201,0
DA:202,0
DA:203,0
DA:204,0
DA:206,0
DA:207,0
DA:208,0
DA:209,0
DA:211,0
DA:212,0
DA:213,0
DA:215,0
DA:216,0
DA:217,0
DA:218,0
DA:229,1
DA:230,2
DA:231,2
DA:233,2
DA:235,1
DA:236,4
DA:237,2
DA:238,1
DA:241,1
DA:244,1
DA:245,0
DA:246,0
DA:247,0
DA:248,0
DA:251,0
DA:252,0
DA:253,0
DA:254,0
DA:255,0
DA:256,0
DA:267,2
DA:268,1
DA:269,1
DA:270,1
DA:271,2
DA:272,1
DA:275,1
DA:276,1
DA:277,2
DA:278,1
DA:286,1
DA:287,1
DA:288,1
DA:289,2
DA:290,2
DA:291,3
DA:292,3
DA:293,2
DA:294,3
LF:126
LH:89
end_of_record
SF:lib/app.dart
DA:39,0
DA:41,0
DA:44,0
DA:47,0
DA:58,0
DA:60,0
DA:90,32
DA:92,0
DA:93,0
DA:102,0
DA:104,0
DA:105,0
DA:108,0
DA:110,0
DA:111,0
DA:112,0
DA:113,0
DA:114,0
DA:115,0
DA:117,0
DA:120,0
DA:123,0
DA:124,0
DA:126,0
DA:127,0
DA:128,0
DA:133,0
DA:134,0
DA:153,0
DA:192,16
DA:194,0
DA:196,0
DA:197,0
DA:198,0
DA:199,0
DA:201,0
DA:203,0
DA:204,0
DA:205,0
DA:207,0
DA:208,0
DA:209,0
DA:228,0
DA:230,0
DA:242,0
DA:243,0
DA:244,0
DA:245,0
DA:246,0
DA:253,0
DA:254,0
DA:259,0
DA:260,0
DA:261,0
DA:272,0
DA:275,0
DA:277,0
DA:278,0
DA:280,0
DA:282,0
DA:284,0
DA:332,0
DA:333,0
DA:335,0
DA:337,0
DA:338,0
DA:340,0
DA:342,0
DA:347,0
DA:350,0
DA:351,0
DA:352,0
DA:365,0
DA:366,0
DA:394,0
DA:395,0
DA:396,0
DA:400,0
DA:401,0
DA:402,0
DA:403,0
DA:404,0
DA:405,0
DA:406,0
DA:407,0
DA:408,0
DA:409,0
DA:421,0
DA:422,0
DA:433,16
DA:458,0
DA:460,0
DA:462,0
DA:464,0
DA:465,0
DA:467,0
DA:468,0
DA:469,0
DA:470,0
DA:474,0
DA:486,0
DA:492,0
DA:494,0
DA:497,0
DA:498,0
DA:499,0
DA:500,0
DA:502,0
DA:504,0
DA:506,0
DA:508,0
DA:521,0
DA:523,0
DA:525,0
DA:528,0
DA:529,0
DA:530,0
DA:541,0
DA:543,0
DA:545,0
DA:548,0
DA:549,0
DA:550,0
DA:558,0
DA:559,0
DA:574,16
DA:576,0
DA:590,16
DA:591,0
DA:593,0
DA:594,0
DA:595,0
DA:599,0
DA:601,0
DA:603,0
DA:604,0
DA:605,0
DA:608,0
DA:609,0
DA:612,0
DA:614,0
DA:615,0
DA:617,0
DA:619,0
DA:620,0
DA:622,0
DA:632,0
DA:643,0
DA:644,0
DA:645,0
DA:647,0
DA:649,0
DA:651,0
DA:656,0
DA:658,0
DA:659,0
DA:660,0
DA:673,0
DA:674,0
DA:676,0
DA:677,0
DA:686,0
DA:700,16
DA:701,0
DA:703,0
DA:704,0
DA:706,0
DA:708,0
DA:709,0
DA:713,0
DA:714,0
DA:715,0
DA:731,0
DA:732,0
DA:733,0
DA:734,0
DA:743,0
DA:744,0
DA:745,0
DA:757,0
DA:758,0
DA:759,0
DA:761,0
DA:762,0
DA:764,0
DA:765,0
DA:767,0
DA:777,0
DA:778,0
DA:788,0
DA:789,0
DA:798,0
DA:799,0
DA:800,0
DA:802,0
DA:803,0
DA:805,0
DA:808,0
DA:812,0
DA:814,0
DA:815,0
DA:818,0
DA:819,0
DA:822,0
DA:843,0
DA:846,0
DA:848,0
DA:849,0
DA:854,0
DA:856,0
DA:857,0
DA:858,0
DA:860,0
LF:213
LH:6
end_of_record
SF:lib/features/home/widgets/home_quick_actions.dart
DA:8,16
DA:10,0
DA:11,0
DA:12,0
DA:13,0
DA:14,0
DA:16,0
DA:21,0
DA:22,0
DA:23,0
DA:26,0
DA:27,0
DA:33,0
DA:35,0
DA:36,0
DA:37,0
DA:38,0
DA:39,0
DA:40,0
DA:46,0
DA:47,0
DA:50,0
DA:51,0
DA:54,0
DA:56,0
DA:58,0
DA:59,0
DA:63,0
DA:65,0
DA:69,0
DA:71,0
DA:75,0
DA:87,0
DA:93,0
DA:95,0
DA:96,0
DA:97,0
DA:98,0
DA:101,0
DA:103,0
DA:104,0
DA:105,0
DA:106,0
DA:107,0
DA:113,0
DA:115,0
DA:116,0
DA:118,0
DA:119,0
DA:122,0
DA:123,0
LF:51
LH:1
end_of_record
SF:lib/features/home/widgets/ongoing_session_panel.dart
DA:13,16
DA:15,0
DA:16,0
DA:22,0
DA:24,0
DA:25,0
DA:27,0
DA:28,0
DA:30,0
DA:38,0
DA:39,0
DA:41,0
DA:43,0
DA:44,0
DA:47,0
DA:48,0
DA:50,0
DA:51,0
DA:53,0
DA:58,0
DA:60,0
DA:61,0
DA:64,0
DA:65,0
DA:68,0
DA:70,0
DA:72,0
DA:74,0
DA:75,0
DA:76,0
DA:78,0
DA:79,0
DA:80,0
DA:87,0
DA:89,0
DA:90,0
DA:100,0
DA:102,0
DA:105,0
DA:107,0
DA:108,0
DA:121,16
DA:128,0
DA:129,0
DA:132,0
DA:133,0
DA:136,0
DA:137,0
DA:138,0
DA:142,0
LF:50
LH:2
end_of_record
SF:lib/logic/workouts/workouts_cubit.dart
DA:12,0
DA:14,0
DA:15,0
DA:17,0
DA:18,0
DA:19,0
DA:21,0
DA:25,0
DA:26,0
DA:29,0
DA:30,0
DA:31,0
DA:32,0
DA:35,0
DA:36,0
DA:37,0
DA:38,0
DA:41,0
DA:42,0
DA:43,0
DA:44,0
DA:51,0
DA:58,0
DA:59,0
DA:60,0
DA:66,0
DA:67,0
DA:68,0
DA:70,0
DA:71,0
DA:73,0
DA:79,0
DA:81,0
DA:82,0
DA:83,0
DA:85,0
DA:86,0
DA:88,0
LF:38
LH:0
end_of_record
SF:lib/logic/workouts/workouts_state.dart
DA:11,3
DA:18,16
DA:24,0
DA:30,0
DA:31,0
DA:32,0
DA:33,0
DA:34,0
DA:37,0
DA:38,0
DA:39,0
DA:40,0
LF:12
LH:2
end_of_record
SF:lib/features/presentation/widgets/colors.dart
DA:46,0
LF:1
LH:0
end_of_record
SF:lib/features/auth/presentation/pages/workouts.dart
DA:7,16
DA:9,0
DA:11,0
DA:13,0
DA:14,0
DA:15,0
DA:30,16
DA:32,0
DA:34,0
DA:37,0
DA:38,0
DA:44,0
DA:45,0
DA:47,0
DA:51,0
DA:53,0
DA:63,0
DA:68,0
DA:71,0
DA:73,0
DA:85,16
DA:87,0
DA:118,16
DA:120,0
DA:122,0
DA:123,0
DA:124,0
DA:126,0
DA:137,0
DA:139,0
DA:141,0
DA:143,0
DA:144,0
DA:145,0
DA:146,0
DA:149,0
DA:153,0
DA:154,0
DA:168,16
DA:198,0
DA:200,0
DA:202,0
DA:204,0
DA:214,0
DA:216,0
DA:218,0
DA:220,0
DA:221,0
DA:223,0
DA:224,0
DA:225,0
DA:229,0
DA:244,0
DA:246,0
DA:248,0
DA:251,0
DA:253,0
DA:254,0
DA:256,0
DA:258,0
DA:260,0
DA:261,0
DA:265,0
DA:268,0
DA:269,0
DA:288,16
DA:311,0
DA:313,0
DA:315,0
DA:316,0
DA:317,0
DA:319,0
DA:320,0
DA:321,0
DA:328,0
DA:329,0
DA:348,0
DA:350,0
DA:351,0
DA:353,0
DA:354,0
DA:355,0
DA:356,0
DA:357,0
DA:361,0
DA:376,0
DA:383,0
DA:385,0
DA:387,0
DA:389,0
DA:390,0
DA:391,0
DA:392,0
DA:398,0
DA:399,0
DA:401,0
DA:403,0
DA:405,0
DA:411,0
DA:414,0
DA:415,0
DA:416,0
DA:417,0
DA:424,0
DA:425,0
DA:427,0
DA:428,0
DA:429,0
DA:437,0
DA:438,0
DA:439,0
DA:442,0
DA:446,0
DA:447,0
DA:458,0
DA:461,0
DA:462,0
DA:465,0
DA:475,16
DA:477,0
DA:479,0
DA:481,0
DA:484,0
DA:485,0
DA:487,0
DA:493,0
DA:495,0
DA:498,0
DA:501,0
DA:502,0
LF:130
LH:7
end_of_record
SF:lib/features/auth/presentation/pages/profileSettings.dart
DA:31,17
DA:33,1
DA:34,1
DA:41,1
DA:43,3
DA:44,1
DA:45,1
DA:47,1
DA:48,4
DA:49,1
DA:50,0
DA:51,0
DA:57,1
DA:58,4
DA:61,1
DA:65,1
DA:66,2
DA:67,0
DA:69,0
DA:70,0
DA:71,0
DA:73,0
DA:74,0
DA:76,2
DA:78,2
DA:79,4
DA:82,5
DA:83,1
DA:84,1
DA:86,2
DA:87,1
DA:90,1
DA:99,1
DA:100,1
DA:101,1
DA:102,2
DA:103,1
DA:104,1
DA:105,1
DA:109,1
DA:110,1
DA:111,4
DA:112,2
DA:113,0
DA:115,2
DA:117,1
DA:118,1
DA:119,2
DA:124,1
DA:126,1
DA:128,2
DA:129,2
DA:133,1
DA:136,1
DA:138,1
DA:140,1
DA:141,1
DA:143,1
DA:145,1
DA:147,1
DA:149,0
DA:155,1
DA:156,1
DA:158,1
DA:168,1
DA:170,1
DA:172,1
DA:173,1
DA:176,1
DA:177,1
DA:179,2
DA:180,0
DA:182,0
DA:184,0
DA:186,0
DA:189,3
DA:190,1
DA:191,2
DA:192,0
DA:196,1
DA:197,1
DA:198,2
DA:201,1
DA:203,2
DA:204,1
DA:206,3
DA:208,2
DA:210,1
DA:213,3
DA:214,1
DA:215,2
DA:216,3
DA:220,1
DA:221,1
DA:222,2
DA:225,1
DA:227,2
DA:228,1
DA:230,3
DA:232,2
DA:234,1
DA:237,3
DA:238,1
DA:239,2
DA:240,3
DA:244,1
DA:245,1
DA:246,2
DA:252,1
DA:253,1
DA:254,2
DA:256,2
DA:260,1
DA:261,2
DA:263,2
DA:266,1
DA:268,1
DA:276,1
DA:278,1
DA:279,2
DA:281,1
DA:282,1
DA:283,2
DA:284,1
DA:285,1
DA:286,1
DA:287,0
DA:288,0
DA:289,0
DA:290,1
DA:291,1
DA:293,1
DA:297,1
DA:298,4
DA:300,1
DA:301,1
DA:303,1
DA:304,1
DA:305,1
DA:306,1
DA:311,1
DA:312,1
DA:313,1
DA:320,1
DA:321,1
DA:323,1
DA:325,1
DA:330,1
DA:331,1
DA:332,1
DA:338,1
DA:339,1
DA:340,1
DA:341,1
DA:346,1
DA:347,1
DA:350,1
DA:351,1
DA:352,1
DA:359,1
DA:361,1
DA:373,1
DA:374,1
DA:376,1
DA:378,1
DA:383,1
DA:384,1
DA:385,1
DA:391,1
DA:392,1
DA:393,1
DA:399,1
DA:400,1
DA:401,1
DA:408,1
DA:409,1
DA:411,1
DA:413,1
DA:427,1
DA:429,1
DA:430,1
DA:432,1
DA:433,1
DA:434,1
DA:436,1
DA:442,1
DA:443,1
DA:445,1
DA:447,1
DA:452,1
DA:453,1
DA:455,1
DA:456,1
DA:458,1
DA:461,0
DA:462,0
DA:468,1
DA:469,1
DA:470,1
DA:476,1
DA:478,1
DA:479,1
DA:481,1
DA:482,1
DA:483,1
DA:485,1
DA:491,1
DA:492,1
DA:494,1
DA:496,1
DA:501,1
DA:502,1
DA:504,1
DA:505,1
DA:507,1
DA:510,0
DA:511,0
DA:517,1
DA:518,1
DA:519,1
DA:528,1
DA:529,1
DA:530,0
DA:531,0
DA:533,1
DA:535,1
LF:226
LH:202
end_of_record
SF:lib/logic/auth_bloc/auth_bloc.dart
DA:19,0
DA:21,0
DA:23,0
DA:24,0
DA:26,0
DA:28,0
DA:31,0
DA:32,0
DA:33,0
DA:36,0
DA:39,0
DA:41,0
DA:46,0
DA:47,0
DA:50,0
DA:51,0
DA:59,0
DA:63,0
DA:65,0
DA:67,0
DA:70,0
DA:73,0
DA:77,0
DA:81,0
DA:83,0
DA:85,0
DA:87,0
DA:90,0
DA:94,0
DA:98,0
DA:100,0
DA:103,0
DA:107,0
DA:108,0
DA:110,0
DA:111,0
DA:120,0
DA:123,0
DA:125,0
DA:127,0
DA:129,0
DA:142,0
LF:42
LH:0
end_of_record
SF:lib/logic/auth_bloc/auth_state.dart
DA:17,0
DA:26,0
LF:2
LH:0
end_of_record
SF:lib/logic/auth_bloc/auth_event.dart
DA:5,64
DA:10,16
DA:16,0
DA:21,16
DA:26,16
DA:31,32
LF:6
LH:5
end_of_record
SF:lib/logic/session/session_cubit.dart
DA:21,23
DA:30,5
DA:37,5
DA:38,3
DA:39,5
DA:40,4
DA:42,5
DA:43,5
DA:49,12
DA:51,5
DA:52,10
DA:58,0
DA:59,0
DA:60,0
DA:61,0
DA:62,0
DA:63,0
DA:64,0
DA:66,5
DA:80,5
DA:81,10
DA:83,4
DA:91,4
DA:95,3
DA:99,5
DA:100,5
DA:102,2
DA:103,5
DA:104,4
DA:107,2
DA:109,4
DA:110,1
DA:111,5
DA:112,4
DA:113,4
DA:114,5
DA:115,5
DA:118,10
DA:122,15
DA:130,5
DA:132,30
DA:136,20
DA:137,6
DA:139,5
DA:140,11
DA:141,2
DA:142,1
DA:143,0
DA:147,2
DA:148,1
DA:149,0
DA:154,2
DA:155,1
DA:156,1
DA:159,3
DA:162,2
DA:169,10
DA:170,0
DA:173,2
DA:177,4
DA:178,7
DA:179,4
DA:180,7
DA:181,4
DA:184,3
DA:185,9
DA:187,6
DA:188,6
DA:191,3
DA:192,6
DA:193,4
DA:194,6
DA:195,6
DA:197,1
DA:198,3
DA:199,6
DA:202,1
DA:203,1
DA:209,2
DA:211,0
DA:213,0
DA:217,3
DA:218,9
DA:219,0
DA:225,6
DA:226,6
DA:227,0
DA:231,3
DA:232,6
DA:239,3
DA:241,0
DA:255,2
DA:259,4
DA:260,0
DA:264,4
DA:266,6
DA:267,2
DA:268,2
DA:277,1
DA:281,0
DA:288,1
DA:290,4
DA:291,2
DA:294,2
DA:296,4
DA:297,3
DA:298,5
DA:300,2
DA:301,1
DA:302,1
DA:306,3
DA:313,3
DA:315,2
DA:319,3
DA:320,6
DA:323,0
DA:324,0
DA:327,3
DA:329,9
DA:331,6
DA:332,3
DA:333,3
DA:341,3
DA:342,6
DA:344,3
DA:346,3
DA:348,3
DA:351,0
DA:352,0
DA:354,0
DA:356,0
DA:363,2
DA:364,2
DA:365,4
DA:366,2
DA:367,2
DA:368,8
DA:370,4
DA:372,0
DA:380,2
DA:381,6
DA:383,4
DA:384,2
DA:387,6
DA:388,4
DA:389,4
DA:390,2
DA:392,2
DA:399,2
DA:405,4
DA:406,2
DA:407,2
DA:408,8
DA:410,4
DA:412,0
DA:420,2
DA:421,2
DA:422,4
DA:423,4
DA:424,1
DA:425,4
DA:428,4
DA:429,2
DA:434,4
DA:435,4
DA:436,2
DA:440,1
DA:443,6
DA:444,4
DA:445,4
DA:446,2
DA:448,2
DA:453,4
DA:459,0
DA:466,0
DA:467,0
DA:468,0
DA:469,0
DA:479,0
DA:480,0
DA:481,0
DA:485,1
DA:486,2
DA:487,1
DA:488,1
DA:489,2
DA:493,1
DA:494,1
DA:495,0
DA:496,0
DA:498,1
DA:500,2
DA:504,1
DA:505,3
DA:506,1
DA:510,2
DA:516,1
DA:517,2
DA:518,1
DA:519,2
DA:521,1
DA:525,1
DA:526,3
DA:527,1
DA:531,1
DA:535,0
DA:536,0
DA:538,0
DA:540,0
DA:541,0
DA:542,0
DA:543,0
DA:544,0
DA:545,0
DA:546,0
DA:547,0
DA:549,0
DA:551,0
DA:552,0
DA:557,1
DA:558,2
DA:559,1
DA:560,3
DA:563,3
DA:564,1
DA:565,2
DA:567,3
DA:571,2
DA:574,3
DA:575,6
DA:577,4
DA:579,2
DA:580,4
DA:581,4
DA:588,1
DA:589,2
DA:590,0
DA:595,0
DA:596,0
DA:598,0
DA:599,0
DA:602,4
DA:604,4
DA:605,4
LF:244
LH:190
end_of_record
SF:lib/core/utils/formatters.dart
DA:5,0
DA:6,0
DA:7,0
DA:8,0
DA:9,0
DA:10,0
DA:11,0
DA:13,0
DA:16,0
DA:17,0
DA:18,0
DA:19,0
DA:20,0
DA:21,0
DA:22,0
DA:24,0
LF:16
LH:0
end_of_record
SF:lib/core/navigation/app_navigator.dart
DA:11,0
DA:13,2
DA:15,2
DA:16,4
DA:17,4
DA:19,2
DA:21,2
DA:22,2
DA:24,8
DA:26,6
DA:30,0
DA:32,0
DA:33,0
DA:34,0
DA:35,0
DA:39,0
DA:42,0
DA:44,0
DA:52,3
DA:58,3
DA:59,3
DA:61,2
DA:63,6
DA:69,3
DA:71,3
DA:72,3
DA:77,8
DA:78,3
DA:79,3
DA:80,3
DA:81,3
DA:82,6
LF:32
LH:23
end_of_record
SF:lib/features/altrix/pages/altrix_chat_page.dart
DA:21,16
DA:23,0
DA:24,0
DA:47,0
DA:49,0
DA:50,0
DA:52,0
DA:53,0
DA:54,0
DA:57,0
DA:58,0
DA:61,0
DA:63,0
DA:64,0
DA:65,0
DA:66,0
DA:68,0
DA:69,0
DA:72,0
DA:76,0
DA:78,0
DA:79,0
DA:80,0
DA:81,0
DA:88,0
DA:90,0
DA:91,0
DA:92,0
DA:93,0
DA:94,0
DA:98,0
DA:100,0
DA:102,0
DA:105,0
DA:106,0
DA:107,0
DA:108,0
DA:109,0
DA:116,0
DA:117,0
DA:118,0
DA:119,0
DA:121,0
DA:126,0
DA:129,0
DA:130,0
DA:131,0
DA:132,0
DA:134,0
DA:135,0
DA:139,0
DA:140,0
DA:141,0
DA:143,0
DA:144,0
DA:145,0
DA:146,0
DA:152,0
DA:153,0
DA:154,0
DA:162,0
DA:163,0
DA:165,0
DA:168,0
DA:171,0
DA:172,0
DA:173,0
DA:174,0
DA:175,0
DA:176,0
DA:178,0
DA:179,0
DA:183,0
DA:185,0
DA:186,0
DA:187,0
DA:189,0
DA:190,0
DA:191,0
DA:192,0
DA:197,0
DA:199,0
DA:200,0
DA:204,0
DA:205,0
DA:209,0
DA:210,0
DA:211,0
DA:212,0
DA:214,0
DA:216,0
DA:217,0
DA:219,0
DA:220,0
DA:224,0
DA:229,0
DA:231,0
DA:233,0
DA:234,0
DA:235,0
DA:236,0
DA:237,0
DA:244,0
DA:248,0
DA:249,0
DA:250,0
DA:253,0
DA:254,0
DA:256,0
DA:257,0
DA:259,0
DA:262,0
DA:268,0
DA:269,0
DA:270,0
DA:271,0
DA:272,0
DA:273,0
DA:275,0
DA:276,0
DA:277,0
DA:278,0
DA:280,0
DA:281,0
DA:282,0
DA:284,0
DA:285,0
DA:286,0
DA:287,0
DA:289,0
DA:291,0
DA:292,0
DA:293,0
DA:294,0
DA:296,0
DA:298,0
DA:299,0
DA:300,0
DA:301,0
DA:304,0
DA:305,0
DA:306,0
DA:307,0
DA:308,0
DA:309,0
DA:310,0
DA:313,0
DA:317,0
DA:319,0
DA:320,0
DA:321,0
DA:325,0
DA:327,0
DA:330,0
DA:332,0
DA:333,0
DA:335,0
DA:336,0
DA:338,0
DA:339,0
DA:342,0
DA:343,0
DA:344,0
DA:345,0
DA:347,0
DA:348,0
DA:350,0
DA:353,0
DA:354,0
DA:355,0
DA:358,0
DA:367,0
DA:368,0
DA:369,0
DA:371,0
DA:376,0
DA:392,0
DA:401,0
DA:402,0
DA:403,0
DA:404,0
DA:405,0
DA:406,0
DA:408,0
DA:409,0
DA:410,0
DA:413,0
DA:414,0
DA:415,0
DA:425,0
DA:426,0
DA:427,0
DA:431,0
DA:432,0
DA:433,0
DA:438,0
DA:446,0
DA:447,0
DA:448,0
DA:449,0
DA:450,0
DA:451,0
DA:457,0
DA:464,0
DA:470,0
DA:471,0
DA:472,0
DA:473,0
DA:474,0
DA:475,0
DA:478,0
DA:479,0
DA:484,0
DA:485,0
DA:486,0
DA:507,0
DA:512,0
DA:514,0
DA:516,0
DA:517,0
DA:518,0
DA:519,0
DA:520,0
DA:521,0
DA:523,0
DA:525,0
DA:528,0
DA:529,0
DA:531,0
DA:554,0
DA:555,0
DA:557,0
DA:560,0
DA:564,0
DA:566,0
DA:567,0
DA:568,0
DA:569,0
DA:570,0
DA:589,0
DA:590,0
DA:593,0
DA:596,0
DA:597,0
DA:598,0
DA:599,0
DA:600,0
DA:601,0
DA:603,0
DA:604,0
DA:606,0
DA:608,0
DA:609,0
DA:611,0
DA:612,0
DA:613,0
DA:614,0
DA:615,0
DA:616,0
DA:617,0
DA:619,0
DA:621,0
DA:622,0
DA:623,0
DA:625,0
DA:626,0
DA:627,0
DA:629,0
DA:631,0
DA:632,0
DA:643,0
DA:644,0
DA:646,0
DA:647,0
DA:653,0
DA:654,0
DA:663,0
DA:665,0
DA:669,0
DA:677,0
DA:680,0
DA:681,0
DA:683,0
DA:687,0
DA:688,0
DA:689,0
DA:690,0
DA:700,0
DA:701,0
DA:702,0
DA:703,0
DA:704,0
DA:705,0
DA:706,0
DA:707,0
DA:710,0
DA:712,0
DA:713,0
DA:715,0
DA:716,0
DA:720,0
DA:722,0
DA:723,0
DA:724,0
DA:725,0
DA:726,0
DA:727,0
DA:728,0
DA:730,0
DA:731,0
DA:732,0
DA:733,0
DA:734,0
DA:735,0
DA:736,0
DA:737,0
DA:738,0
DA:739,0
DA:741,0
DA:742,0
DA:743,0
DA:744,0
DA:745,0
DA:750,0
DA:751,0
DA:753,0
DA:754,0
DA:757,0
DA:760,0
DA:762,0
DA:763,0
DA:769,0
DA:770,0
DA:772,0
DA:773,0
DA:775,0
DA:783,0
DA:785,0
DA:787,0
DA:788,0
DA:807,0
DA:808,0
DA:809,0
DA:810,0
DA:818,0
DA:824,0
DA:825,0
DA:831,0
DA:833,0
DA:836,0
DA:838,0
DA:839,0
DA:842,0
DA:843,0
DA:850,0
DA:851,0
DA:852,0
DA:853,0
DA:871,0
DA:874,0
DA:875,0
DA:876,0
DA:877,0
DA:878,0
DA:879,0
DA:880,0
DA:907,0
DA:917,0
DA:921,0
DA:922,0
DA:927,0
DA:934,0
DA:935,0
DA:937,0
DA:944,0
DA:945,0
DA:946,0
DA:947,0
DA:948,0
DA:949,0
DA:950,0
DA:951,0
DA:960,0
DA:962,0
DA:963,0
DA:981,0
DA:983,0
DA:984,0
DA:987,0
DA:989,0
DA:990,0
DA:993,0
DA:995,0
DA:997,0
DA:1000,0
DA:1001,0
DA:1002,0
DA:1003,0
DA:1004,0
DA:1006,0
DA:1007,0
DA:1008,0
DA:1009,0
DA:1010,0
DA:1015,0
DA:1023,0
DA:1024,0
DA:1025,0
DA:1031,0
DA:1034,0
DA:1035,0
DA:1036,0
DA:1044,0
DA:1045,0
DA:1046,0
DA:1048,0
DA:1049,0
DA:1051,0
DA:1063,0
DA:1065,0
DA:1066,0
DA:1068,0
DA:1070,0
DA:1071,0
DA:1075,0
DA:1076,0
DA:1081,0
DA:1082,0
DA:1098,0
DA:1100,0
DA:1102,0
DA:1103,0
DA:1104,0
DA:1106,0
DA:1107,0
DA:1108,0
DA:1109,0
DA:1127,0
DA:1129,0
DA:1130,0
DA:1140,0
DA:1148,0
DA:1149,0
DA:1158,0
DA:1160,0
DA:1161,0
DA:1163,0
DA:1165,0
DA:1166,0
DA:1169,0
DA:1171,0
DA:1174,0
DA:1176,0
DA:1177,0
DA:1180,0
DA:1182,0
DA:1184,0
DA:1186,0
DA:1187,0
DA:1190,0
DA:1196,0
DA:1197,0
DA:1198,0
DA:1199,0
DA:1201,0
DA:1203,0
DA:1205,0
DA:1220,0
DA:1221,0
DA:1222,0
DA:1223,0
DA:1224,0
DA:1227,0
DA:1228,0
DA:1247,0
DA:1250,0
DA:1251,0
DA:1252,0
DA:1253,0
DA:1254,0
DA:1255,0
DA:1258,0
DA:1262,0
DA:1263,0
DA:1264,0
DA:1265,0
DA:1269,0
DA:1271,0
DA:1274,0
DA:1276,0
DA:1277,0
DA:1278,0
DA:1281,0
DA:1316,0
DA:1317,0
DA:1321,0
DA:1322,0
DA:1330,0
LF:498
LH:1
end_of_record
SF:lib/main.dart
DA:61,0
DA:64,0
DA:65,0
DA:68,0
DA:70,0
DA:71,0
DA:73,0
DA:75,0
DA:76,0
DA:78,0
DA:79,0
DA:85,0
DA:88,0
DA:89,0
DA:90,0
DA:92,0
DA:94,0
DA:98,0
DA:99,0
DA:100,0
DA:101,0
DA:102,0
DA:103,0
DA:104,0
DA:108,0
DA:109,0
DA:118,0
DA:119,0
DA:120,0
DA:121,0
DA:122,0
DA:126,0
DA:127,0
DA:129,0
DA:131,0
DA:136,0
DA:137,0
DA:141,0
DA:143,0
DA:149,0
DA:150,0
DA:152,0
DA:153,0
DA:155,0
DA:156,0
DA:158,0
DA:159,0
DA:161,0
DA:162,0
DA:164,0
DA:165,0
DA:167,0
DA:168,0
DA:170,0
DA:171,0
DA:174,0
DA:176,0
DA:178,0
DA:179,0
DA:181,0
DA:183,0
DA:185,0
DA:189,0
DA:190,0
DA:197,0
DA:198,0
DA:199,0
DA:200,0
DA:201,0
DA:202,0
DA:203,0
DA:204,0
DA:205,0
DA:206,0
DA:207,0
DA:208,0
DA:211,0
DA:219,0
DA:220,0
DA:221,0
DA:222,0
DA:223,0
DA:224,0
DA:226,0
DA:227,0
DA:229,0
DA:230,0
DA:233,0
DA:234,0
DA:235,0
DA:236,0
DA:237,0
DA:238,0
DA:240,0
DA:241,0
DA:242,0
DA:243,0
DA:245,0
DA:246,0
DA:247,0
DA:257,16
DA:259,0
DA:260,0
DA:264,0
DA:266,0
DA:267,0
DA:268,0
DA:271,0
DA:280,0
DA:282,0
DA:283,0
DA:284,0
DA:286,0
DA:287,0
DA:288,0
DA:296,0
DA:299,0
DA:300,0
DA:301,0
DA:302,0
DA:304,0
DA:305,0
DA:306,0
DA:308,0
DA:311,0
DA:313,0
DA:314,0
DA:317,0
DA:320,0
DA:323,0
DA:334,0
DA:336,0
DA:349,0
DA:350,0
DA:352,0
DA:353,0
DA:354,0
DA:357,0
DA:358,0
DA:361,0
DA:370,0
DA:378,0
DA:379,0
DA:380,0
DA:381,0
DA:382,0
DA:383,0
DA:384,0
DA:386,0
DA:387,0
DA:389,0
DA:390,0
DA:391,0
DA:393,0
DA:394,0
DA:396,0
DA:399,0
DA:401,0
DA:402,0
DA:404,0
DA:407,0
DA:409,0
DA:410,0
DA:412,0
DA:423,16
DA:424,0
LF:166
LH:2
end_of_record
SF:lib/core/db/app_database.dart
DA:51,0
DA:54,5
DA:57,5
DA:58,0
DA:63,0
DA:66,0
DA:67,0
DA:68,0
DA:69,0
DA:72,0
DA:76,0
DA:77,0
DA:79,0
DA:81,0
DA:83,0
DA:85,0
DA:87,0
DA:89,0
DA:91,0
DA:97,0
DA:102,0
DA:104,0
DA:110,0
DA:112,0
DA:128,0
DA:139,0
DA:149,0
DA:163,0
DA:178,0
DA:190,0
DA:192,0
DA:196,0
DA:197,0
DA:208,0
DA:226,0
DA:238,0
DA:239,0
DA:252,0
DA:273,0
DA:274,0
DA:275,0
DA:277,0
DA:285,0
DA:287,0
DA:290,0
DA:296,0
DA:297,0
DA:300,0
DA:302,0
DA:305,0
DA:306,0
DA:308,0
DA:309,0
DA:310,0
DA:311,0
DA:312,0
DA:314,0
DA:315,0
DA:316,0
DA:318,0
DA:319,0
DA:323,0
DA:329,0
DA:331,0
DA:333,0
DA:351,0
DA:357,0
DA:359,0
DA:361,0
DA:362,0
DA:366,0
DA:371,0
DA:376,0
DA:378,0
DA:380,0
DA:381,0
DA:382,0
DA:385,0
DA:388,0
DA:393,0
DA:394,0
DA:396,0
DA:398,0
DA:403,0
DA:404,0
DA:406,0
DA:408,0
DA:414,0
DA:415,0
DA:417,0
DA:418,0
DA:419,0
DA:420,0
DA:422,0
DA:432,2
DA:442,2
DA:443,0
DA:444,0
DA:445,0
DA:446,0
DA:447,0
DA:448,0
DA:449,0
DA:450,0
DA:451,0
DA:455,2
DA:466,2
DA:467,0
DA:472,0
DA:482,1
DA:483,1
DA:484,0
DA:485,0
DA:488,0
DA:490,0
DA:493,0
DA:495,0
DA:498,0
DA:499,0
DA:500,0
DA:503,0
DA:504,0
DA:505,0
DA:508,0
DA:511,0
DA:512,0
DA:515,2
DA:519,2
DA:520,0
DA:522,0
DA:524,0
DA:530,2
DA:534,2
DA:535,0
DA:537,0
DA:543,0
DA:548,0
DA:549,0
DA:551,0
DA:552,0
DA:553,0
DA:556,0
DA:561,0
DA:570,0
DA:572,0
DA:574,0
DA:581,0
DA:586,0
DA:590,1
DA:591,1
DA:592,0
DA:598,0
DA:599,0
DA:603,2
DA:606,2
DA:607,0
DA:610,0
DA:614,0
DA:615,0
DA:618,0
DA:619,0
DA:620,0
DA:626,0
DA:627,0
DA:630,0
DA:638,0
DA:639,0
DA:649,0
DA:657,0
DA:658,0
DA:661,0
DA:664,0
DA:665,0
DA:674,0
DA:675,0
DA:677,0
DA:684,0
DA:689,0
DA:692,0
DA:693,0
DA:696,0
DA:707,1
DA:714,1
DA:715,0
DA:716,0
DA:721,0
DA:726,0
DA:730,0
DA:731,0
DA:732,0
DA:735,0
DA:737,0
DA:738,0
DA:739,0
DA:741,0
DA:745,0
DA:748,0
DA:752,0
DA:753,0
DA:754,0
DA:757,0
DA:759,0
DA:760,0
DA:762,0
DA:766,0
DA:769,0
DA:770,0
DA:771,0
DA:774,0
DA:777,0
DA:778,0
DA:781,0
DA:786,0
DA:789,0
DA:790,0
DA:793,0
LF:216
LH:18
end_of_record
SF:lib/core/utils/logger.dart
DA:6,0
DA:7,0
DA:10,0
DA:11,0
DA:14,3
DA:16,3
DA:17,3
DA:18,3
LF:8
LH:4
end_of_record
SF:lib/core/db/migrations_v4.dart
DA:4,0
DA:7,0
DA:12,0
DA:17,0
DA:22,0
DA:29,0
DA:34,0
DA:39,0
DA:48,0
LF:9
LH:0
end_of_record
SF:lib/core/db/session_index.dart
DA:10,2
DA:11,4
DA:12,4
DA:14,4
DA:17,0
DA:18,0
DA:21,1
DA:22,4
DA:23,3
DA:26,4
DA:28,0
DA:30,0
DA:31,0
DA:32,0
DA:34,0
DA:40,0
DA:42,0
DA:43,0
DA:46,1
DA:47,1
DA:48,2
DA:49,1
DA:50,3
DA:51,2
DA:54,2
DA:58,2
DA:60,4
DA:62,2
DA:64,1
DA:66,4
DA:67,4
DA:70,1
DA:71,2
DA:72,0
DA:73,0
DA:76,0
DA:77,0
DA:78,0
DA:79,0
DA:83,0
DA:87,0
DA:88,0
DA:91,2
DA:92,4
DA:93,4
DA:94,4
DA:95,2
DA:99,0
DA:100,0
DA:101,0
LF:50
LH:28
end_of_record
SF:lib/core/models/workout_session.dart
DA:25,3
DA:33,2
DA:39,2
DA:40,2
DA:41,2
DA:42,0
DA:43,2
DA:44,2
DA:47,0
DA:48,0
DA:49,0
DA:50,0
DA:51,0
DA:52,0
DA:55,0
DA:56,0
DA:57,0
DA:58,0
DA:59,0
DA:60,0
DA:77,9
DA:85,4
DA:91,4
DA:92,4
DA:93,4
DA:94,3
DA:95,2
DA:96,4
DA:99,0
DA:100,0
DA:101,0
DA:102,0
DA:103,0
DA:106,0
DA:109,0
DA:110,0
DA:111,0
DA:112,0
DA:114,0
DA:117,0
DA:121,0
DA:122,0
DA:123,0
DA:125,0
DA:126,0
LF:45
LH:15
end_of_record
SF:lib/core/models/workout_session.g.dart
DA:10,0
DA:12,0
DA:13,0
DA:14,0
DA:15,0
DA:17,0
DA:18,0
DA:19,0
DA:20,0
DA:21,0
DA:22,0
DA:26,1
DA:29,1
DA:30,1
DA:31,2
DA:32,1
DA:33,2
DA:34,1
DA:35,2
DA:36,1
DA:37,2
DA:38,1
DA:39,2
DA:47,0
DA:49,0
DA:50,0
DA:51,0
DA:52,0
DA:54,0
DA:55,0
DA:56,0
DA:57,0
DA:58,0
DA:59,0
DA:63,4
DA:66,4
DA:67,4
DA:68,8
DA:69,4
DA:70,8
DA:71,4
DA:72,8
DA:73,4
DA:74,8
DA:75,4
DA:76,8
LF:46
LH:24
end_of_record
SF:lib/core/models/exercise_set.g.dart
DA:8,0
DA:10,0
DA:11,0
DA:12,0
DA:13,0
DA:15,0
DA:16,0
DA:17,0
DA:18,0
DA:19,0
DA:20,0
DA:21,0
DA:22,0
DA:26,1
DA:29,1
DA:30,1
DA:31,2
DA:32,1
DA:33,2
DA:34,1
DA:35,2
DA:36,1
DA:37,2
DA:38,1
DA:39,2
DA:40,1
DA:41,2
DA:42,1
DA:43,2
LF:29
LH:16
end_of_record
SF:lib/core/models/exercise_set.dart
DA:25,2
LF:1
LH:1
end_of_record
SF:lib/core/models/meal_entry.dart
DA:21,0
DA:31,0
DA:38,0
DA:39,0
DA:40,0
DA:41,0
DA:42,0
DA:43,0
DA:44,0
DA:45,0
DA:48,0
DA:49,0
DA:50,0
DA:51,0
DA:52,0
DA:53,0
DA:54,0
DA:55,0
DA:58,0
DA:59,0
DA:60,0
DA:61,0
DA:62,0
DA:63,0
DA:64,0
DA:65,0
DA:68,0
DA:69,0
DA:70,0
DA:71,0
DA:72,0
DA:80,0
DA:82,0
DA:83,0
DA:84,0
DA:85,0
DA:87,0
DA:88,0
DA:89,0
DA:90,0
DA:91,0
DA:92,0
DA:93,0
DA:94,0
DA:98,0
DA:101,0
DA:102,0
DA:103,0
DA:104,0
DA:105,0
DA:106,0
DA:107,0
DA:108,0
DA:109,0
DA:110,0
DA:111,0
DA:112,0
DA:113,0
DA:114,0
DA:115,0
LF:60
LH:0
end_of_record
SF:lib/core/models/sensor_sample.dart
DA:32,0
DA:43,0
DA:52,0
DA:53,0
DA:54,0
DA:55,0
DA:56,0
DA:57,0
DA:58,0
DA:59,0
DA:60,0
DA:63,0
DA:64,0
DA:65,0
DA:66,0
DA:67,0
DA:68,0
DA:69,0
DA:70,0
DA:71,0
DA:74,0
DA:75,0
DA:76,0
DA:77,0
DA:78,0
DA:79,0
DA:80,0
DA:81,0
DA:82,0
DA:90,0
DA:92,0
DA:93,0
DA:94,0
DA:95,0
DA:97,0
DA:98,0
DA:99,0
DA:100,0
DA:101,0
DA:102,0
DA:103,0
DA:104,0
DA:105,0
DA:109,0
DA:112,0
DA:113,0
DA:114,0
DA:115,0
DA:116,0
DA:117,0
DA:118,0
DA:119,0
DA:120,0
DA:121,0
DA:122,0
DA:123,0
DA:124,0
DA:125,0
DA:126,0
DA:127,0
DA:128,0
LF:61
LH:0
end_of_record
SF:lib/core/models/session_runtime.dart
DA:35,5
DA:50,0
DA:62,0
DA:63,0
DA:64,0
DA:65,0
DA:66,0
DA:67,0
DA:69,0
DA:70,0
DA:71,0
DA:72,0
DA:73,0
DA:74,0
DA:75,0
DA:83,0
DA:85,0
DA:86,0
DA:87,0
DA:88,0
DA:90,0
DA:91,0
DA:92,0
DA:93,0
DA:94,0
DA:95,0
DA:96,0
DA:97,0
DA:98,0
DA:99,0
DA:100,0
DA:101,0
DA:102,0
DA:106,5
DA:109,5
DA:110,5
DA:111,10
DA:112,5
DA:113,10
DA:114,5
DA:115,10
DA:116,5
DA:117,10
DA:118,5
DA:119,10
DA:120,5
DA:121,10
DA:122,5
DA:123,10
DA:124,5
DA:125,10
DA:126,5
DA:127,10
DA:128,5
DA:129,10
DA:130,5
DA:131,10
DA:132,5
DA:133,10
LF:59
LH:27
end_of_record
SF:lib/core/models/workout_plan.dart
DA:31,4
DA:42,0
DA:51,0
DA:52,0
DA:53,0
DA:54,0
DA:55,0
DA:56,0
DA:57,0
DA:58,0
DA:59,0
DA:62,0
DA:63,0
DA:64,0
DA:65,0
DA:66,0
DA:67,0
DA:68,0
DA:69,0
DA:70,0
DA:89,5
DA:98,1
DA:105,1
DA:106,1
DA:107,1
DA:108,1
DA:109,1
DA:110,1
DA:111,0
DA:114,0
DA:115,0
DA:116,0
DA:117,0
DA:118,0
DA:121,2
DA:124,1
DA:125,1
DA:126,1
DA:128,2
DA:129,5
DA:140,0
DA:142,0
DA:143,0
DA:144,0
DA:145,0
DA:147,0
DA:148,0
DA:149,0
DA:150,0
DA:151,0
DA:152,0
DA:153,0
DA:154,0
DA:155,0
DA:159,1
DA:162,1
DA:163,1
DA:164,2
DA:165,1
DA:166,2
DA:167,1
DA:168,2
DA:169,1
DA:170,2
DA:171,1
DA:172,2
DA:173,1
DA:174,2
DA:175,1
DA:176,2
DA:177,1
DA:178,2
DA:186,0
DA:188,0
DA:189,0
DA:190,0
DA:191,0
DA:193,0
DA:194,0
DA:195,0
DA:196,0
DA:197,0
DA:198,0
DA:199,0
DA:203,1
DA:206,1
DA:207,1
DA:208,2
DA:209,1
DA:210,2
DA:211,1
DA:212,2
DA:213,1
DA:214,2
DA:215,1
DA:216,2
DA:217,1
DA:218,2
LF:98
LH:47
end_of_record
SF:lib/core/navigation/app_routes.dart
DA:15,4
DA:16,4
DA:17,1
DA:18,1
LF:4
LH:4
end_of_record
SF:lib/core/services/encryption_service.dart
DA:7,18
DA:9,0
DA:11,0
DA:13,0
DA:14,0
DA:15,0
DA:17,0
LF:7
LH:1
end_of_record
SF:lib/core/services/local_storage_service.dart
DA:6,2
DA:11,2
DA:12,4
DA:13,4
DA:15,0
DA:16,0
DA:17,0
DA:19,4
DA:22,2
DA:23,4
DA:24,4
LF:11
LH:8
end_of_record
SF:lib/core/stats/minutes_service.dart
DA:11,0
DA:20,5
DA:21,1
DA:22,1
DA:24,1
DA:25,0
DA:26,1
DA:27,0
DA:28,0
DA:29,0
DA:30,1
DA:35,1
DA:36,0
DA:38,2
DA:39,2
DA:40,1
DA:41,0
DA:43,2
DA:50,0
DA:52,0
DA:53,0
DA:54,0
DA:55,0
DA:56,0
DA:57,0
DA:61,0
DA:65,0
DA:70,0
DA:71,0
DA:72,0
DA:73,0
DA:74,0
DA:75,0
LF:33
LH:11
end_of_record
SF:lib/core/ui/design_tokens.dart
DA:41,0
DA:42,0
DA:43,0
DA:52,0
DA:55,0
DA:58,0
DA:59,0
DA:61,0
DA:64,0
DA:67,0
LF:10
LH:0
end_of_record
SF:lib/core/utils/plan_exercise_id.dart
DA:4,2
LF:1
LH:1
end_of_record
SF:lib/features/altrix/data/altrix_analytics_logger.dart
DA:23,2
DA:28,2
DA:30,6
DA:33,2
DA:35,2
DA:36,4
DA:37,4
DA:40,2
DA:42,2
DA:43,2
DA:44,2
DA:45,4
DA:46,1
DA:48,4
DA:49,2
DA:51,2
DA:53,2
DA:54,3
DA:56,4
DA:59,4
DA:61,4
DA:62,1
DA:67,1
DA:69,1
DA:70,1
DA:71,1
DA:72,3
DA:73,1
DA:75,1
DA:76,1
DA:77,2
DA:80,2
DA:81,0
DA:83,2
DA:84,0
DA:86,1
DA:93,2
DA:95,2
DA:96,4
DA:97,2
DA:100,6
DA:101,4
DA:102,6
DA:103,4
DA:104,4
DA:105,4
DA:106,4
DA:107,6
DA:108,2
DA:111,1
DA:118,1
DA:119,2
DA:120,1
DA:121,1
DA:122,1
DA:123,1
DA:125,2
DA:126,2
DA:127,1
DA:128,2
DA:129,1
DA:130,1
DA:131,1
DA:132,2
DA:133,1
DA:134,1
DA:135,1
DA:136,0
DA:137,1
DA:142,1
DA:144,2
DA:146,1
DA:149,0
DA:154,0
DA:155,0
DA:156,0
DA:157,0
DA:159,0
DA:160,0
DA:161,0
DA:162,0
DA:163,0
DA:164,0
DA:165,0
DA:166,0
DA:169,0
DA:170,0
DA:171,0
DA:172,0
DA:174,0
DA:177,0
DA:179,0
DA:180,0
DA:181,0
DA:182,0
LF:95
LH:69
end_of_record
SF:lib/features/altrix/data/altrix_local_source.dart
DA:8,2
DA:15,2
DA:16,4
DA:17,0
DA:19,4
DA:20,0
DA:22,6
DA:25,6
DA:30,2
DA:31,2
DA:32,2
DA:33,2
DA:36,2
DA:37,6
DA:40,1
DA:42,2
DA:43,2
DA:44,1
DA:45,6
DA:46,1
DA:47,2
DA:50,0
DA:51,0
DA:52,0
DA:53,0
DA:57,2
DA:58,6
DA:61,2
DA:62,6
DA:65,2
DA:67,14
DA:68,6
LF:32
LH:26
end_of_record
SF:lib/features/altrix/models/altrix_message.g.dart
DA:8,0
DA:10,0
DA:11,0
DA:12,0
DA:13,0
DA:15,0
DA:16,0
DA:17,0
DA:18,0
DA:19,0
DA:20,0
DA:21,0
DA:22,0
DA:23,0
DA:24,0
DA:25,0
DA:29,2
DA:32,2
DA:33,2
DA:34,4
DA:35,2
DA:36,4
DA:37,2
DA:38,4
DA:39,2
DA:40,4
DA:41,2
DA:42,4
DA:43,2
DA:44,4
DA:45,2
DA:46,4
DA:47,2
DA:48,4
DA:49,2
DA:50,4
DA:51,2
DA:52,4
LF:38
LH:22
end_of_record
SF:lib/features/altrix/models/altrix_message.dart
DA:39,2
DA:53,0
DA:54,0
DA:55,0
DA:56,0
DA:57,0
DA:58,0
DA:59,0
DA:60,0
DA:61,0
DA:62,0
DA:63,0
DA:67,0
DA:68,0
DA:69,0
DA:70,0
DA:71,0
DA:72,0
DA:73,0
DA:74,0
DA:75,0
DA:76,0
DA:77,0
DA:78,0
DA:79,0
DA:82,2
DA:94,2
DA:95,2
DA:96,2
DA:97,2
DA:98,2
DA:99,2
DA:100,2
DA:101,0
DA:102,2
DA:103,2
DA:104,2
LF:37
LH:12
end_of_record
SF:lib/features/altrix/models/altrix_thread.g.dart
DA:8,0
DA:10,0
DA:11,0
DA:12,0
DA:13,0
DA:15,0
DA:16,0
DA:17,0
DA:18,0
DA:19,0
DA:20,0
DA:21,0
DA:22,0
DA:23,0
DA:24,0
DA:25,0
DA:29,2
DA:32,2
DA:33,2
DA:34,4
DA:35,2
DA:36,4
DA:37,2
DA:38,4
DA:39,2
DA:40,4
DA:41,2
DA:42,4
DA:43,2
DA:44,4
DA:45,2
DA:46,4
DA:47,2
DA:48,4
DA:49,2
DA:50,4
DA:51,2
DA:52,4
LF:38
LH:22
end_of_record
SF:lib/features/altrix/models/altrix_thread.dart
DA:40,2
DA:55,2
DA:66,2
DA:67,2
DA:68,2
DA:69,2
DA:70,0
DA:71,2
DA:72,2
DA:73,2
DA:74,2
DA:75,2
DA:76,2
DA:79,2
DA:80,2
DA:81,2
DA:83,4
DA:84,10
DA:88,0
DA:89,0
DA:90,0
DA:91,0
DA:92,0
DA:93,0
DA:94,0
DA:95,0
DA:96,0
DA:97,0
DA:98,0
DA:101,0
DA:102,0
DA:103,0
DA:104,0
DA:105,0
DA:106,0
DA:107,0
DA:108,0
DA:109,0
DA:110,0
DA:111,0
DA:112,0
DA:113,0
DA:114,0
DA:115,0
LF:44
LH:17
end_of_record
SF:lib/features/altrix/data/altrix_repository.dart
DA:15,2
DA:25,2
DA:26,4
DA:27,4
DA:31,2
DA:32,0
DA:33,0
DA:34,0
DA:36,0
DA:39,0
DA:49,1
DA:51,1
DA:55,0
DA:57,2
DA:61,2
DA:62,2
DA:63,2
DA:65,4
DA:66,2
DA:67,2
DA:68,1
DA:77,4
DA:80,2
DA:82,2
DA:83,2
DA:84,2
DA:85,2
DA:86,2
DA:87,2
DA:88,2
DA:91,6
DA:96,1
DA:100,1
DA:101,2
DA:106,1
DA:107,1
DA:108,1
DA:110,1
DA:111,2
DA:112,1
DA:113,1
DA:117,1
DA:118,2
DA:119,1
DA:121,2
DA:122,2
DA:126,1
DA:127,2
DA:130,1
DA:132,3
DA:136,1
DA:137,2
DA:139,2
DA:140,6
DA:143,2
DA:145,2
DA:146,2
DA:150,2
DA:154,4
DA:157,2
DA:158,2
DA:160,2
DA:161,2
DA:162,2
DA:163,2
DA:166,2
DA:167,6
DA:171,2
DA:176,2
DA:178,4
DA:179,2
DA:180,6
DA:181,2
DA:191,4
DA:192,2
DA:195,4
DA:196,2
DA:199,4
DA:201,2
DA:202,2
DA:213,4
DA:216,2
DA:217,2
DA:219,2
DA:220,2
DA:221,2
DA:222,2
DA:223,2
DA:224,2
DA:225,2
DA:228,2
DA:229,6
DA:232,4
DA:234,2
DA:240,2
DA:245,2
DA:248,4
DA:252,2
DA:253,2
DA:254,2
DA:260,4
DA:266,1
DA:269,3
DA:271,2
DA:273,1
DA:276,1
DA:279,2
DA:283,2
DA:287,1
DA:288,1
DA:289,1
DA:290,3
DA:294,0
DA:299,3
DA:303,0
DA:306,0
DA:308,0
DA:312,0
DA:317,0
DA:319,0
DA:326,0
DA:329,0
DA:333,0
DA:335,0
DA:341,3
DA:345,1
DA:346,2
DA:347,2
DA:348,3
DA:349,1
DA:350,4
DA:351,2
DA:360,1
DA:361,3
DA:362,2
DA:367,1
DA:370,1
DA:377,2
DA:381,2
DA:385,2
DA:395,2
DA:401,4
DA:402,2
DA:404,2
DA:405,2
DA:406,2
DA:407,2
DA:408,0
DA:409,0
DA:410,4
DA:411,2
DA:415,2
DA:416,2
DA:417,2
DA:418,2
DA:420,2
DA:421,2
DA:430,2
DA:431,4
DA:432,2
DA:434,2
DA:435,4
DA:438,2
DA:447,1
DA:452,1
DA:455,2
DA:456,4
DA:457,2
DA:459,4
DA:460,8
DA:464,2
DA:466,2
DA:467,2
DA:468,2
DA:469,2
DA:470,2
DA:471,2
DA:477,1
DA:478,1
DA:479,1
DA:480,2
DA:481,2
DA:483,0
DA:486,2
DA:487,8
DA:488,2
DA:491,2
DA:492,10
DA:493,10
DA:494,10
DA:495,6
LF:191
LH:171
end_of_record
SF:lib/features/altrix/pages/altrix_analytics_log_page.dart
DA:9,16
DA:11,0
DA:12,0
DA:19,0
DA:21,0
DA:22,0
DA:25,0
DA:27,0
DA:28,0
DA:31,0
DA:32,0
DA:35,0
DA:38,0
DA:39,0
DA:41,0
DA:46,0
DA:48,0
DA:50,0
DA:66,0
DA:67,0
DA:68,0
DA:69,0
DA:71,0
DA:72,0
DA:73,0
DA:77,0
DA:79,0
DA:80,0
DA:81,0
DA:83,0
DA:84,0
DA:85,0
DA:87,0
DA:88,0
DA:89,0
DA:91,0
DA:97,0
DA:99,0
DA:100,0
DA:101,0
DA:102,0
DA:103,0
DA:104,0
DA:105,0
DA:107,0
DA:108,0
DA:109,0
DA:110,0
DA:111,0
DA:112,0
DA:113,0
DA:114,0
DA:115,0
DA:116,0
DA:117,0
DA:118,0
DA:119,0
DA:123,0
DA:126,0
DA:130,0
DA:131,0
DA:132,0
LF:62
LH:1
end_of_record
SF:lib/features/altrix/pages/altrix_settings_page.dart
DA:10,16
DA:12,0
DA:13,0
DA:14,0
DA:18,0
DA:19,0
DA:22,0
DA:26,0
DA:28,0
DA:29,0
DA:31,0
DA:32,0
DA:38,0
DA:45,0
DA:47,0
DA:49,0
DA:65,0
DA:66,0
DA:67,0
DA:68,0
DA:69,0
DA:72,0
DA:73,0
DA:74,0
DA:76,0
DA:78,0
DA:83,0
DA:84,0
DA:86,0
DA:88,0
DA:89,0
DA:90,0
DA:92,0
DA:94,0
DA:95,0
DA:104,0
DA:108,0
DA:109,0
DA:110,0
DA:112,0
DA:114,0
DA:116,0
DA:127,0
DA:131,0
DA:132,0
DA:133,0
DA:135,0
DA:137,0
DA:138,0
DA:147,0
DA:153,0
DA:154,0
DA:155,0
DA:156,0
DA:159,0
DA:161,0
DA:162,0
DA:163,0
DA:164,0
DA:165,0
DA:166,0
DA:174,0
DA:176,0
DA:177,0
DA:178,0
DA:179,0
DA:182,0
DA:183,0
DA:184,0
DA:186,0
DA:187,0
DA:188,0
DA:190,0
DA:192,0
DA:194,0
DA:206,0
DA:208,0
DA:214,0
DA:216,0
DA:217,0
DA:220,0
DA:221,0
DA:222,0
DA:223,0
DA:253,0
DA:261,0
DA:263,0
DA:265,0
DA:267,0
DA:268,0
DA:270,0
DA:273,0
DA:274,0
DA:276,0
DA:277,0
DA:278,0
DA:286,0
DA:288,0
DA:289,0
DA:290,0
DA:292,0
DA:299,0
DA:302,0
DA:303,0
DA:304,0
DA:308,0
DA:321,0
DA:329,0
DA:331,0
DA:334,0
DA:336,0
DA:337,0
DA:339,0
DA:341,0
DA:342,0
DA:343,0
DA:350,0
DA:351,0
DA:361,0
DA:363,0
DA:365,0
DA:367,0
DA:374,0
DA:375,0
DA:377,0
DA:378,0
DA:379,0
DA:391,0
DA:392,0
DA:393,0
DA:394,0
DA:395,0
DA:396,0
DA:398,0
LF:134
LH:1
end_of_record
SF:lib/features/altrix/pages/altrix_db_inspector.dart
DA:6,16
DA:8,0
DA:9,0
DA:16,0
DA:18,0
DA:19,0
DA:20,0
DA:23,0
DA:25,0
DA:26,0
DA:28,0
DA:29,0
DA:32,0
DA:33,0
DA:34,0
DA:35,0
DA:41,0
DA:42,0
DA:43,0
DA:44,0
DA:47,0
DA:48,0
DA:51,0
DA:52,0
DA:53,0
DA:54,0
DA:55,0
DA:56,0
DA:62,0
DA:63,0
DA:65,0
DA:67,0
DA:68,0
DA:70,0
DA:71,0
DA:73,0
DA:74,0
DA:77,0
DA:78,0
DA:80,0
DA:81,0
DA:82,0
DA:84,0
DA:90,0
DA:91,0
DA:92,0
DA:93,0
DA:94,0
DA:95,0
DA:96,0
DA:97,0
DA:99,0
DA:100,0
DA:102,0
DA:103,0
DA:105,0
DA:107,0
DA:109,0
DA:110,0
DA:111,0
DA:112,0
DA:113,0
DA:114,0
DA:115,0
DA:116,0
DA:117,0
DA:118,0
DA:119,0
DA:120,0
DA:121,0
DA:123,0
DA:124,0
DA:125,0
DA:126,0
DA:128,0
DA:133,0
DA:136,0
DA:137,0
DA:151,0
DA:152,0
DA:153,0
DA:154,0
DA:156,0
DA:157,0
DA:158,0
DA:159,0
DA:161,0
DA:162,0
DA:164,0
DA:165,0
DA:166,0
DA:168,0
DA:169,0
DA:170,0
DA:172,0
DA:175,0
DA:178,0
DA:181,0
DA:182,0
DA:183,0
DA:184,0
DA:185,0
DA:196,0
DA:197,0
DA:198,0
DA:199,0
DA:211,0
DA:225,0
DA:231,0
DA:233,0
DA:234,0
DA:235,0
DA:236,0
DA:237,0
DA:238,0
DA:240,0
DA:241,0
DA:243,0
DA:244,0
DA:245,0
DA:246,0
DA:247,0
DA:248,0
DA:249,0
DA:250,0
DA:251,0
DA:252,0
DA:253,0
DA:254,0
DA:255,0
DA:256,0
DA:258,0
DA:264,0
DA:265,0
DA:266,0
DA:273,0
DA:274,0
DA:275,0
DA:280,0
DA:281,0
DA:282,0
DA:283,0
DA:284,0
DA:285,0
DA:295,0
DA:296,0
DA:297,0
DA:300,0
DA:305,0
DA:306,0
DA:307,0
DA:308,0
DA:312,0
DA:318,0
DA:319,0
DA:320,0
DA:323,0
DA:326,0
DA:328,0
DA:330,0
DA:331,0
DA:332,0
DA:333,0
DA:334,0
DA:335,0
DA:342,0
DA:344,0
LF:167
LH:1
end_of_record
SF:lib/features/altrix/pages/altrix_repo_validator.dart
DA:10,16
DA:12,0
DA:14,0
DA:21,0
DA:22,0
DA:25,0
DA:26,0
DA:27,0
DA:28,0
DA:29,0
DA:31,0
DA:32,0
DA:33,0
DA:34,0
DA:36,0
DA:37,0
DA:40,0
DA:41,0
DA:42,0
DA:43,0
DA:46,0
DA:47,0
DA:48,0
DA:49,0
DA:52,0
DA:54,0
DA:57,0
DA:58,0
DA:59,0
DA:61,0
DA:62,0
DA:63,0
DA:64,0
DA:65,0
DA:69,0
DA:71,0
DA:72,0
DA:77,0
DA:80,0
DA:81,0
DA:84,0
DA:87,0
DA:89,0
DA:90,0
DA:91,0
DA:92,0
DA:93,0
DA:95,0
DA:96,0
DA:97,0
DA:98,0
DA:102,0
DA:107,0
DA:108,0
DA:110,0
DA:111,0
LF:56
LH:1
end_of_record
SF:lib/features/audit/pages/audit_dashboard_screen.dart
DA:6,16
DA:8,0
DA:9,0
DA:19,0
DA:21,0
DA:22,0
DA:25,0
DA:26,0
DA:27,0
DA:28,0
DA:29,0
DA:30,0
DA:32,0
DA:33,0
DA:34,0
DA:35,0
DA:36,0
DA:37,0
DA:41,0
DA:43,0
DA:44,0
DA:46,0
DA:48,0
DA:51,0
DA:52,0
DA:56,0
DA:57,0
DA:58,0
DA:66,0
DA:67,0
DA:68,0
DA:70,0
DA:71,0
DA:72,0
DA:73,0
DA:75,0
DA:77,0
DA:78,0
DA:79,0
DA:80,0
DA:86,0
DA:87,0
DA:96,0
DA:98,0
DA:101,0
DA:104,0
DA:105,0
DA:106,0
DA:107,0
DA:108,0
DA:117,0
DA:118,0
DA:119,0
DA:120,0
DA:125,0
DA:126,0
DA:128,0
DA:129,0
DA:130,0
DA:134,0
DA:135,0
DA:137,0
DA:143,0
DA:146,0
DA:152,0
DA:155,0
DA:160,0
DA:163,0
DA:168,0
DA:179,0
DA:180,0
DA:182,0
DA:188,0
DA:192,0
DA:194,0
DA:198,0
DA:200,0
DA:204,0
DA:210,0
DA:211,0
DA:213,0
DA:214,0
DA:216,0
DA:218,0
DA:221,0
DA:222,0
DA:225,0
DA:226,0
DA:227,0
DA:229,0
DA:237,0
DA:238,0
DA:239,0
DA:246,0
DA:247,0
DA:249,0
LF:96
LH:1
end_of_record
SF:lib/features/audit/services/security_status_service.dart
DA:6,16
DA:9,0
DA:11,0
DA:12,0
DA:14,0
DA:21,0
DA:22,0
DA:23,0
DA:24,0
DA:25,0
DA:28,0
DA:30,0
LF:12
LH:1
end_of_record
SF:lib/features/audit/widgets/audit_finding_tile.dart
DA:10,0
DA:19,0
DA:20,0
DA:21,0
DA:23,0
DA:30,0
DA:32,0
DA:33,0
DA:35,0
DA:36,0
DA:37,0
DA:39,0
DA:40,0
DA:41,0
DA:42,0
DA:44,0
DA:46,0
DA:47,0
DA:51,0
DA:53,0
DA:56,0
DA:57,0
DA:59,0
DA:60,0
DA:61,0
DA:62,0
DA:63,0
DA:64,0
DA:71,0
DA:76,0
DA:77,0
DA:78,0
DA:79,0
DA:80,0
DA:82,0
DA:83,0
DA:84,0
DA:85,0
DA:86,0
DA:87,0
DA:96,0
DA:97,0
DA:98,0
DA:99,0
LF:44
LH:0
end_of_record
SF:lib/features/auth/data/repositories/auth_repository.dart
DA:18,0
DA:19,0
DA:20,0
DA:23,0
DA:30,0
DA:33,0
DA:34,0
DA:38,0
DA:40,0
DA:48,0
DA:51,0
DA:53,0
DA:57,0
DA:58,0
DA:61,0
DA:69,0
DA:71,0
DA:72,0
DA:80,0
DA:82,0
DA:83,0
DA:84,0
DA:88,0
DA:91,0
DA:98,0
DA:101,0
DA:104,0
DA:105,0
LF:28
LH:0
end_of_record
SF:lib/features/auth/presentation/pages/inividualWorkout.dart
DA:20,0
DA:22,0
DA:23,0
DA:28,0
DA:62,0
DA:64,0
DA:66,0
DA:68,0
DA:69,0
DA:70,0
DA:71,0
DA:76,0
DA:77,0
DA:78,0
DA:79,0
DA:82,0
DA:83,0
DA:84,0
DA:85,0
DA:86,0
DA:87,0
DA:88,0
DA:92,0
DA:93,0
DA:94,0
DA:95,0
DA:96,0
DA:97,0
DA:99,0
DA:100,0
DA:101,0
DA:102,0
DA:106,0
DA:107,0
DA:108,0
DA:109,0
DA:110,0
DA:111,0
DA:113,0
DA:114,0
DA:115,0
DA:116,0
DA:117,0
DA:121,0
DA:122,0
DA:125,0
DA:127,0
DA:128,0
DA:129,0
DA:134,0
DA:135,0
DA:136,0
DA:137,0
DA:138,0
DA:139,0
DA:140,0
DA:141,0
DA:147,0
DA:148,0
DA:149,0
DA:150,0
DA:152,0
DA:155,0
DA:156,0
DA:158,0
DA:160,0
DA:161,0
DA:162,0
DA:163,0
DA:164,0
DA:166,0
DA:167,0
DA:168,0
DA:169,0
DA:170,0
DA:171,0
DA:172,0
DA:178,0
DA:179,0
DA:180,0
DA:181,0
DA:182,0
DA:183,0
DA:185,0
DA:186,0
DA:189,0
DA:190,0
DA:191,0
DA:192,0
DA:193,0
DA:194,0
DA:201,0
DA:203,0
DA:206,0
DA:207,0
DA:209,0
DA:210,0
DA:212,0
DA:213,0
DA:218,0
DA:219,0
DA:220,0
DA:221,0
DA:226,0
DA:227,0
DA:228,0
DA:229,0
DA:230,0
DA:233,0
DA:236,0
DA:237,0
DA:240,0
DA:241,0
DA:242,0
DA:243,0
DA:244,0
DA:246,0
DA:247,0
DA:249,0
DA:252,0
DA:253,0
DA:254,0
DA:256,0
DA:257,0
DA:259,0
DA:260,0
DA:262,0
DA:263,0
DA:264,0
DA:265,0
DA:266,0
DA:267,0
DA:268,0
DA:269,0
DA:271,0
DA:272,0
DA:274,0
DA:276,0
DA:278,0
DA:279,0
DA:280,0
DA:281,0
DA:282,0
DA:286,0
DA:288,0
DA:289,0
DA:290,0
DA:291,0
DA:292,0
DA:294,0
DA:295,0
DA:297,0
DA:298,0
DA:299,0
DA:300,0
DA:301,0
DA:302,0
DA:309,0
DA:310,0
DA:311,0
DA:312,0
DA:313,0
DA:315,0
DA:316,0
DA:317,0
DA:320,0
DA:321,0
DA:322,0
DA:323,0
DA:324,0
DA:325,0
DA:326,0
DA:330,0
DA:331,0
DA:332,0
DA:333,0
DA:334,0
DA:335,0
DA:336,0
DA:344,0
DA:346,0
DA:347,0
DA:348,0
DA:349,0
DA:350,0
DA:352,0
DA:353,0
DA:354,0
DA:355,0
DA:362,0
DA:364,0
DA:365,0
DA:366,0
DA:367,0
DA:370,0
DA:372,0
DA:374,0
DA:375,0
DA:376,0
DA:378,0
DA:379,0
DA:380,0
DA:385,0
DA:387,0
DA:390,0
DA:391,0
DA:393,0
DA:394,0
DA:395,0
DA:396,0
DA:398,0
DA:399,0
DA:401,0
DA:402,0
DA:404,0
DA:406,0
DA:407,0
DA:410,0
DA:411,0
DA:412,0
DA:413,0
DA:414,0
DA:416,0
DA:433,0
DA:434,0
DA:435,0
DA:436,0
DA:445,0
DA:450,0
DA:451,0
DA:452,0
DA:455,0
DA:457,0
DA:458,0
DA:461,0
DA:463,0
DA:465,0
DA:467,0
DA:470,0
DA:471,0
DA:472,0
DA:473,0
DA:474,0
DA:475,0
DA:482,0
DA:483,0
DA:484,0
DA:486,0
DA:489,0
DA:490,0
DA:496,0
DA:506,0
DA:518,0
DA:521,0
DA:522,0
DA:534,0
DA:537,0
DA:540,0
DA:542,0
DA:543,0
DA:544,0
DA:545,0
DA:551,0
DA:552,0
DA:553,0
DA:556,0
DA:562,0
DA:582,0
DA:585,0
DA:586,0
DA:587,0
DA:588,0
DA:589,0
DA:590,0
DA:592,0
DA:593,0
DA:594,0
DA:596,0
DA:600,0
DA:602,0
DA:617,0
DA:618,0
DA:620,0
DA:621,0
DA:623,0
DA:625,0
DA:626,0
DA:627,0
DA:629,0
DA:643,0
DA:644,0
DA:647,0
DA:649,0
DA:650,0
DA:655,0
DA:656,0
DA:657,0
DA:659,0
DA:660,0
DA:661,0
DA:670,0
DA:672,0
DA:675,0
DA:685,0
DA:687,0
DA:688,0
DA:689,0
DA:690,0
DA:691,0
DA:692,0
DA:695,0
DA:696,0
DA:714,0
DA:715,0
DA:729,0
DA:730,0
DA:732,0
DA:733,0
DA:736,0
DA:737,0
DA:738,0
DA:739,0
DA:745,0
DA:747,0
DA:748,0
DA:749,0
DA:758,0
DA:759,0
DA:780,0
DA:781,0
DA:793,0
DA:794,0
DA:796,0
DA:797,0
DA:800,0
DA:801,0
DA:802,0
DA:804,0
DA:806,0
DA:807,0
DA:808,0
DA:830,0
DA:833,0
DA:834,0
DA:835,0
DA:837,0
DA:839,0
DA:840,0
DA:841,0
DA:866,0
DA:867,0
DA:870,0
DA:871,0
DA:873,0
DA:877,0
DA:878,0
DA:879,0
DA:880,0
DA:881,0
DA:885,0
DA:889,0
DA:891,0
DA:892,0
DA:893,0
DA:894,0
DA:895,0
DA:896,0
DA:899,0
DA:900,0
DA:901,0
DA:904,0
DA:905,0
DA:908,0
DA:909,0
DA:923,0
DA:924,0
DA:926,0
DA:927,0
DA:929,0
DA:931,0
DA:934,0
DA:937,0
DA:938,0
DA:939,0
DA:940,0
DA:941,0
DA:943,0
DA:944,0
DA:946,0
DA:947,0
DA:948,0
DA:950,0
DA:951,0
DA:962,0
DA:963,0
DA:964,0
DA:965,0
DA:966,0
DA:967,0
LF:399
LH:0
end_of_record
SF:lib/features/workout/widgets/exercise_queue.dart
DA:15,0
DA:21,0
DA:22,0
DA:28,0
DA:30,0
DA:31,0
DA:32,0
DA:36,0
DA:38,0
DA:39,0
DA:42,0
DA:43,0
DA:44,0
DA:45,0
DA:47,0
DA:49,0
DA:51,0
DA:52,0
DA:58,0
DA:60,0
DA:61,0
DA:62,0
DA:63,0
DA:64,0
DA:73,0
DA:76,0
DA:77,0
DA:78,0
DA:80,0
DA:81,0
DA:84,0
DA:85,0
DA:86,0
DA:87,0
DA:88,0
DA:89,0
DA:92,0
DA:93,0
DA:96,0
DA:97,0
DA:98,0
DA:99,0
DA:100,0
DA:101,0
DA:107,0
DA:108,0
DA:123,0
DA:131,0
DA:133,0
DA:134,0
DA:135,0
DA:137,0
DA:138,0
DA:139,0
DA:140,0
DA:141,0
DA:145,0
DA:147,0
DA:148,0
DA:149,0
DA:150,0
DA:151,0
DA:157,0
DA:159,0
DA:160,0
DA:161,0
DA:162,0
DA:170,0
DA:171,0
DA:175,0
DA:178,0
LF:71
LH:0
end_of_record
SF:lib/features/auth/presentation/pages/profile.dart
DA:30,16
DA:32,0
DA:33,0
DA:55,0
DA:56,0
DA:57,0
DA:58,0
DA:59,0
DA:61,0
DA:62,0
DA:63,0
DA:64,0
DA:65,0
DA:66,0
DA:67,0
DA:68,0
DA:69,0
DA:77,0
DA:78,0
DA:82,0
DA:86,0
DA:88,0
DA:92,0
DA:93,0
DA:94,0
DA:95,0
DA:96,0
DA:98,0
DA:101,0
DA:103,0
DA:104,0
DA:105,0
DA:108,0
DA:109,0
DA:110,0
DA:111,0
DA:112,0
DA:113,0
DA:114,0
DA:116,0
DA:117,0
DA:120,0
DA:121,0
DA:122,0
DA:123,0
DA:124,0
DA:125,0
DA:126,0
DA:127,0
DA:128,0
DA:129,0
DA:130,0
DA:131,0
DA:132,0
DA:133,0
DA:134,0
DA:139,0
DA:144,0
DA:146,0
DA:147,0
DA:149,0
DA:151,0
DA:153,0
DA:154,0
DA:155,0
DA:156,0
DA:158,0
DA:159,0
DA:160,0
DA:166,0
DA:168,0
DA:170,0
DA:172,0
DA:177,0
DA:178,0
DA:181,0
DA:182,0
DA:187,0
DA:191,0
DA:194,0
DA:195,0
DA:196,0
DA:197,0
DA:200,0
DA:202,0
DA:203,0
DA:205,0
DA:211,0
DA:212,0
DA:213,0
DA:216,0
DA:217,0
DA:219,0
DA:228,0
DA:229,0
DA:231,0
DA:234,0
DA:237,0
DA:240,0
DA:241,0
DA:242,0
DA:243,0
DA:261,0
DA:262,0
DA:263,0
DA:264,0
DA:272,0
DA:274,0
DA:286,0
DA:287,0
DA:288,0
DA:289,0
DA:290,0
DA:294,0
DA:295,0
DA:296,0
DA:303,0
DA:305,0
DA:306,0
DA:307,0
DA:308,0
DA:309,0
DA:313,0
DA:314,0
DA:315,0
DA:316,0
DA:317,0
DA:318,0
DA:319,0
DA:321,0
DA:323,0
DA:334,0
DA:335,0
DA:336,0
DA:337,0
DA:338,0
DA:350,0
DA:353,0
DA:354,0
DA:355,0
DA:356,0
DA:357,0
DA:361,0
DA:362,0
DA:363,0
DA:364,0
DA:365,0
DA:366,0
DA:369,0
DA:370,0
DA:371,0
DA:372,0
DA:373,0
DA:374,0
DA:375,0
DA:377,0
DA:388,0
DA:390,0
DA:391,0
DA:392,0
DA:393,0
DA:394,0
DA:398,0
DA:399,0
DA:400,0
DA:401,0
DA:402,0
DA:403,0
DA:404,0
DA:406,0
DA:408,0
DA:419,0
DA:430,0
DA:431,0
DA:432,0
DA:433,0
DA:435,0
DA:436,0
DA:437,0
DA:439,0
DA:453,0
DA:454,0
DA:455,0
DA:456,0
DA:457,0
DA:461,0
DA:465,0
DA:467,0
DA:468,0
DA:469,0
DA:470,0
DA:473,0
DA:474,0
DA:475,0
DA:476,0
DA:478,0
DA:486,0
DA:487,0
DA:489,0
DA:491,0
DA:495,0
DA:498,0
DA:500,0
DA:501,0
DA:504,0
DA:506,0
DA:530,0
DA:544,0
DA:545,0
DA:552,0
DA:554,0
DA:567,0
DA:570,0
DA:615,0
DA:621,0
DA:623,0
DA:624,0
DA:627,0
DA:628,0
DA:629,0
DA:631,0
DA:632,0
DA:633,0
DA:636,0
DA:639,0
DA:643,0
DA:644,0
DA:647,0
DA:648,0
DA:649,0
DA:651,0
DA:654,0
DA:662,0
DA:663,0
DA:664,0
DA:665,0
DA:666,0
DA:667,0
DA:668,0
DA:670,0
DA:673,0
DA:675,0
DA:683,0
DA:684,0
DA:685,0
DA:686,0
DA:687,0
DA:689,0
DA:692,0
DA:694,0
DA:713,0
DA:719,0
DA:721,0
DA:722,0
DA:724,0
DA:735,0
DA:736,0
DA:737,0
DA:739,0
DA:741,0
DA:742,0
DA:743,0
DA:762,0
DA:768,0
DA:769,0
DA:780,0
DA:782,0
DA:783,0
DA:784,0
DA:787,0
DA:788,0
DA:789,0
DA:791,0
DA:792,0
DA:793,0
DA:795,0
DA:797,0
DA:798,0
DA:801,0
DA:803,0
DA:805,0
DA:816,0
DA:818,0
DA:819,0
DA:821,0
DA:823,0
DA:824,0
DA:825,0
DA:829,0
DA:831,0
DA:833,0
DA:834,0
DA:835,0
DA:841,0
DA:843,0
DA:844,0
DA:845,0
DA:846,0
DA:848,0
DA:849,0
DA:850,0
DA:864,0
DA:865,0
DA:880,0
DA:889,0
DA:891,0
DA:892,0
DA:893,0
DA:894,0
DA:895,0
DA:896,0
DA:897,0
DA:898,0
DA:899,0
DA:901,0
DA:903,0
DA:905,0
DA:908,0
DA:920,0
DA:927,0
DA:929,0
DA:931,0
DA:933,0
DA:934,0
DA:935,0
DA:936,0
DA:942,0
DA:943,0
DA:944,0
DA:946,0
DA:947,0
DA:948,0
DA:951,0
DA:952,0
DA:953,0
DA:957,0
DA:958,0
LF:337
LH:1
end_of_record
SF:lib/features/auth/presentation/pages/welcome.dart
DA:19,16
DA:21,0
DA:22,0
DA:31,0
DA:33,0
DA:35,0
DA:39,0
DA:40,0
DA:41,0
DA:42,0
DA:43,0
DA:44,0
DA:46,0
DA:47,0
DA:52,0
DA:53,0
DA:54,0
DA:58,0
DA:59,0
DA:60,0
DA:61,0
DA:62,0
DA:63,0
DA:64,0
DA:69,0
DA:74,0
DA:75,0
DA:77,0
DA:80,0
DA:81,0
DA:82,0
DA:87,0
DA:88,0
DA:89,0
DA:90,0
DA:91,0
DA:93,0
DA:94,0
DA:95,0
DA:101,0
DA:103,0
DA:104,0
DA:105,0
DA:106,0
DA:107,0
DA:108,0
DA:110,0
DA:111,0
DA:112,0
DA:113,0
DA:114,0
DA:115,0
DA:120,0
DA:121,0
DA:123,0
DA:124,0
DA:125,0
DA:126,0
DA:127,0
DA:131,0
DA:132,0
DA:134,0
DA:136,0
DA:138,0
DA:140,0
DA:141,0
DA:143,0
DA:145,0
DA:149,0
DA:155,0
DA:156,0
DA:157,0
DA:159,0
DA:164,0
DA:182,0
DA:184,0
DA:187,0
DA:189,0
DA:191,0
DA:193,0
DA:195,0
DA:196,0
DA:197,0
DA:202,0
DA:203,0
DA:224,0
DA:225,0
DA:227,0
DA:231,0
DA:232,0
DA:240,0
DA:247,0
DA:248,0
DA:249,0
DA:254,0
DA:256,0
DA:264,0
DA:265,0
DA:267,0
DA:268,0
DA:302,0
DA:303,0
DA:304,0
DA:306,0
DA:307,0
DA:322,0
DA:325,0
DA:328,0
DA:336,0
DA:340,0
DA:344,0
DA:350,0
DA:354,0
DA:358,0
DA:368,0
DA:374,0
DA:376,0
DA:378,0
DA:381,0
DA:382,0
DA:385,0
DA:387,0
DA:388,0
DA:390,0
DA:406,0
DA:407,0
DA:408,0
DA:410,0
DA:411,0
DA:415,0
DA:422,0
DA:426,0
DA:428,0
DA:439,0
DA:440,0
DA:441,0
DA:461,0
DA:462,0
DA:463,0
DA:464,0
DA:465,0
DA:470,0
DA:486,0
DA:491,0
DA:492,0
DA:505,0
DA:509,0
DA:512,0
DA:520,0
DA:527,0
DA:528,0
DA:529,0
DA:531,0
DA:532,0
DA:534,0
DA:542,0
LF:156
LH:1
end_of_record
SF:lib/features/debug/sensor_demo_page.dart
DA:13,16
DA:15,0
DA:16,0
DA:26,0
DA:28,0
DA:34,0
DA:35,0
DA:36,0
DA:37,0
DA:38,0
DA:40,0
DA:42,0
DA:43,0
DA:48,0
DA:49,0
DA:50,0
DA:51,0
DA:52,0
DA:54,0
DA:56,0
DA:57,0
DA:62,0
DA:64,0
DA:65,0
DA:66,0
DA:69,0
DA:70,0
DA:71,0
DA:73,0
DA:74,0
DA:75,0
DA:76,0
DA:77,0
DA:82,0
DA:84,0
DA:85,0
DA:87,0
DA:88,0
DA:89,0
DA:91,0
DA:93,0
DA:99,0
DA:101,0
DA:112,0
DA:113,0
DA:114,0
DA:115,0
LF:47
LH:1
end_of_record
SF:lib/features/home/pages/history_placeholder.dart
DA:7,16
DA:9,0
DA:11,0
DA:12,0
DA:13,0
DA:14,0
DA:16,0
DA:17,0
DA:19,0
DA:21,0
DA:32,0
DA:33,0
DA:37,0
DA:46,0
DA:48,0
DA:49,0
LF:16
LH:1
end_of_record
SF:lib/features/home/pages/plan_browser_placeholder.dart
DA:12,16
DA:13,0
DA:14,0
DA:23,0
DA:25,0
DA:26,0
DA:29,0
DA:31,0
DA:33,0
DA:39,0
DA:41,0
DA:42,0
DA:43,0
DA:46,0
DA:47,0
DA:48,0
DA:49,0
DA:50,0
DA:54,0
DA:55,0
DA:56,0
DA:59,0
DA:66,0
DA:67,0
DA:68,0
DA:73,0
DA:75,0
DA:77,0
DA:79,0
DA:93,0
DA:94,0
DA:95,0
DA:96,0
DA:97,0
DA:98,0
DA:99,0
DA:100,0
DA:108,0
DA:110,0
DA:111,0
DA:112,0
DA:113,0
DA:115,0
DA:116,0
DA:117,0
DA:118,0
DA:119,0
DA:120,0
DA:123,0
DA:124,0
DA:125,0
DA:126,0
DA:127,0
DA:128,0
DA:132,0
DA:134,0
DA:136,0
DA:138,0
DA:139,0
DA:140,0
DA:141,0
DA:142,0
DA:143,0
DA:144,0
DA:145,0
DA:146,0
DA:151,0
DA:152,0
DA:156,0
DA:160,0
DA:168,0
DA:174,0
DA:177,0
DA:178,0
DA:179,0
DA:185,0
DA:186,0
DA:187,0
DA:188,0
DA:190,0
DA:191,0
DA:192,0
DA:193,0
DA:194,0
DA:195,0
DA:198,0
DA:202,0
DA:204,0
DA:205,0
DA:206,0
DA:209,0
DA:210,0
DA:219,0
DA:220,0
DA:221,0
DA:222,0
DA:223,0
DA:224,0
DA:226,0
DA:232,0
DA:233,0
DA:234,0
DA:236,0
DA:237,0
DA:238,0
DA:244,0
DA:245,0
DA:247,0
DA:255,0
DA:256,0
DA:264,0
DA:266,0
DA:267,0
DA:273,0
DA:275,0
DA:276,0
DA:277,0
DA:278,0
DA:280,0
DA:281,0
DA:282,0
DA:283,0
DA:286,0
DA:287,0
DA:288,0
DA:289,0
DA:290,0
DA:291,0
DA:292,0
DA:294,0
DA:297,0
DA:298,0
DA:299,0
DA:302,0
DA:309,0
DA:310,0
DA:311,0
DA:312,0
DA:316,0
DA:317,0
DA:318,0
DA:324,0
DA:326,0
DA:327,0
DA:330,0
DA:331,0
DA:333,0
DA:336,0
DA:345,0
DA:347,0
DA:348,0
DA:349,0
DA:350,0
DA:353,0
DA:354,0
DA:356,0
DA:373,0
DA:374,0
DA:375,0
DA:380,0
DA:381,0
DA:382,0
DA:383,0
DA:386,0
DA:387,0
DA:388,0
DA:394,0
DA:396,0
DA:398,0
DA:399,0
DA:402,0
DA:403,0
DA:404,0
DA:407,0
DA:410,0
DA:411,0
DA:412,0
DA:428,0
DA:429,0
DA:430,0
DA:432,0
DA:434,0
DA:438,0
DA:440,0
DA:441,0
DA:442,0
DA:445,0
DA:446,0
DA:454,0
DA:459,0
DA:460,0
DA:461,0
DA:462,0
DA:464,0
DA:465,0
DA:466,0
DA:468,0
DA:472,0
DA:479,0
DA:480,0
DA:482,0
DA:483,0
DA:484,0
DA:485,0
DA:486,0
DA:487,0
DA:489,0
DA:490,0
DA:491,0
DA:496,0
DA:503,0
DA:507,0
DA:508,0
DA:516,0
DA:518,0
DA:520,0
DA:522,0
DA:523,0
DA:524,0
DA:525,0
DA:533,0
DA:534,0
DA:535,0
DA:536,0
DA:537,0
DA:538,0
DA:542,0
DA:547,0
DA:548,0
DA:549,0
DA:564,0
DA:566,0
DA:567,0
DA:568,0
DA:570,0
DA:596,0
DA:597,0
DA:599,0
DA:600,0
DA:602,0
DA:605,0
DA:606,0
DA:608,0
DA:609,0
DA:611,0
DA:627,0
DA:642,0
DA:643,0
DA:647,0
DA:649,0
DA:650,0
DA:653,0
DA:655,0
DA:656,0
DA:659,0
DA:660,0
DA:663,0
DA:665,0
DA:666,0
DA:667,0
DA:669,0
DA:670,0
DA:671,0
DA:693,0
DA:694,0
DA:695,0
DA:696,0
DA:697,0
DA:710,0
DA:712,0
DA:718,0
DA:720,0
DA:723,0
DA:724,0
DA:725,0
DA:726,0
DA:729,0
DA:732,0
DA:733,0
DA:737,0
DA:748,0
DA:754,0
DA:756,0
DA:757,0
DA:758,0
DA:760,0
DA:761,0
DA:765,0
DA:766,0
DA:770,0
DA:773,0
DA:774,0
DA:775,0
DA:779,0
DA:790,0
DA:791,0
DA:793,0
DA:794,0
DA:796,0
DA:823,0
DA:824,0
DA:825,0
DA:830,0
DA:831,0
DA:851,0
DA:852,0
DA:854,0
DA:856,0
DA:858,0
DA:860,0
DA:861,0
DA:877,0
DA:878,0
DA:880,0
DA:882,0
DA:883,0
DA:884,0
DA:886,0
DA:887,0
DA:900,16
DA:901,0
DA:909,0
DA:910,0
DA:912,0
DA:913,0
DA:915,0
DA:916,0
DA:917,0
DA:926,0
DA:927,0
DA:928,0
DA:949,0
DA:950,0
DA:952,0
DA:953,0
DA:955,0
DA:957,0
DA:986,0
DA:987,0
DA:998,0
DA:1005,0
DA:1006,0
DA:1021,0
DA:1027,0
DA:1028,0
DA:1034,0
DA:1036,0
DA:1037,0
DA:1038,0
DA:1039,0
DA:1040,0
DA:1041,0
DA:1043,0
DA:1044,0
DA:1045,0
DA:1046,0
DA:1047,0
DA:1048,0
DA:1050,0
DA:1051,0
DA:1052,0
DA:1054,0
DA:1055,0
DA:1056,0
DA:1057,0
DA:1067,0
DA:1069,0
DA:1070,0
DA:1072,0
DA:1073,0
LF:370
LH:2
end_of_record
SF:lib/features/home/pages/plan_detail_screen.dart
DA:15,3
DA:17,3
DA:19,3
DA:20,3
DA:21,3
DA:22,6
DA:23,12
DA:24,0
DA:33,6
DA:34,3
DA:36,3
DA:42,3
DA:43,6
DA:45,0
DA:46,0
DA:47,3
DA:48,3
DA:59,3
DA:61,3
DA:64,0
DA:71,3
DA:73,6
DA:74,3
DA:75,3
DA:77,6
DA:78,3
DA:82,2
DA:83,2
DA:84,2
DA:92,3
DA:99,0
DA:100,0
DA:101,0
DA:102,0
DA:104,0
DA:105,0
DA:106,0
DA:107,0
DA:108,0
DA:109,0
DA:120,0
DA:130,0
DA:132,0
DA:133,0
DA:134,0
DA:137,0
DA:138,0
DA:147,0
DA:152,0
DA:153,0
DA:154,0
DA:155,0
DA:156,0
DA:157,0
DA:158,0
DA:159,0
DA:161,0
DA:168,3
DA:170,3
DA:172,9
DA:174,6
DA:175,9
DA:176,8
DA:178,3
DA:180,3
DA:181,4
DA:182,2
DA:183,2
DA:184,6
DA:185,2
DA:186,2
DA:187,2
DA:190,2
DA:191,2
DA:194,0
DA:206,9
DA:207,3
DA:208,3
DA:211,6
DA:213,3
DA:214,3
DA:219,3
DA:220,3
DA:221,12
DA:230,3
DA:231,9
DA:232,1
DA:234,1
DA:236,1
DA:237,1
DA:238,1
DA:239,1
DA:254,2
DA:255,6
DA:264,2
DA:265,2
DA:267,2
DA:269,2
DA:271,2
DA:272,2
DA:273,2
DA:274,2
DA:280,2
DA:281,6
DA:282,2
DA:283,4
DA:291,2
DA:292,14
DA:293,2
DA:300,0
DA:310,2
DA:311,2
DA:313,2
DA:314,2
DA:315,2
DA:318,2
DA:319,6
DA:321,2
DA:322,2
DA:324,0
DA:339,3
DA:345,3
DA:347,3
DA:349,3
DA:350,6
DA:352,3
DA:353,3
DA:355,3
DA:356,3
DA:357,3
DA:366,3
DA:367,3
DA:384,16
DA:385,0
DA:387,0
DA:388,0
DA:390,0
DA:402,0
DA:404,0
DA:407,0
DA:421,3
DA:428,3
DA:429,3
DA:434,3
DA:436,6
DA:437,3
DA:438,14
DA:439,6
DA:440,0
DA:442,14
DA:443,12
DA:444,3
DA:446,3
DA:447,3
DA:448,3
DA:449,3
DA:450,3
DA:451,3
DA:453,6
DA:454,3
DA:455,3
DA:457,3
DA:458,3
DA:459,3
DA:460,3
DA:470,3
DA:472,3
DA:473,9
DA:475,3
DA:476,6
LF:170
LH:128
end_of_record
SF:lib/features/sensors/data/sensor_repository.dart
DA:23,16
DA:25,0
DA:27,0
DA:28,0
DA:30,0
DA:31,0
DA:32,0
DA:33,0
DA:34,0
DA:35,0
DA:37,0
DA:39,0
DA:46,0
DA:48,0
DA:49,0
DA:51,0
DA:52,0
DA:53,0
DA:54,0
DA:55,0
DA:56,0
DA:58,0
DA:60,0
LF:23
LH:1
end_of_record
SF:lib/features/workout/data/workout_plan_repository.dart
DA:13,3
DA:15,3
DA:17,1
DA:18,1
DA:20,1
DA:21,1
DA:25,1
DA:26,1
DA:27,1
DA:37,1
DA:47,1
DA:60,1
DA:61,1
DA:65,1
DA:66,1
DA:67,1
DA:77,1
DA:87,1
DA:100,1
DA:101,2
DA:102,2
DA:103,1
DA:107,1
DA:108,3
DA:111,1
DA:112,3
DA:113,2
DA:118,1
DA:120,5
DA:121,2
DA:122,3
DA:123,0
DA:125,2
DA:127,0
DA:129,1
DA:132,1
DA:133,1
DA:135,4
DA:136,1
DA:139,0
DA:140,0
DA:142,0
DA:143,0
DA:144,0
DA:145,0
DA:148,0
DA:151,0
DA:152,0
DA:154,0
DA:155,0
DA:156,0
DA:157,0
DA:160,0
DA:166,1
DA:168,1
DA:169,1
DA:170,1
DA:171,1
DA:172,1
DA:175,0
DA:176,0
DA:177,0
DA:178,0
DA:179,0
DA:180,0
DA:181,0
DA:182,0
DA:183,0
DA:184,0
DA:185,0
DA:186,0
DA:187,0
DA:192,0
DA:193,0
DA:194,0
DA:197,2
LF:76
LH:44
end_of_record
SF:lib/features/workout/data/workout_session_repository.dart
DA:17,4
DA:19,9
DA:20,3
DA:22,2
DA:24,2
DA:27,0
DA:28,0
DA:29,0
DA:30,0
DA:33,2
DA:35,2
DA:40,4
DA:42,2
DA:43,2
DA:46,4
DA:50,2
DA:52,2
DA:53,2
DA:54,2
DA:57,0
DA:59,4
DA:63,2
DA:64,12
DA:65,2
DA:66,2
DA:67,2
DA:70,2
DA:71,12
DA:72,2
DA:73,1
DA:74,1
DA:80,2
DA:82,4
DA:83,2
DA:84,2
DA:86,0
DA:88,0
DA:95,2
DA:96,2
DA:98,4
DA:103,2
DA:104,2
DA:106,1
DA:110,1
DA:111,2
DA:112,2
DA:113,1
DA:114,2
DA:116,2
DA:120,2
DA:124,1
DA:128,2
DA:130,2
DA:131,1
DA:134,2
DA:136,1
DA:137,1
DA:139,0
DA:141,0
DA:142,0
DA:148,0
DA:150,0
DA:154,2
DA:158,1
DA:162,1
DA:163,2
DA:164,2
DA:165,2
DA:166,1
DA:167,4
DA:169,2
DA:170,1
DA:172,1
DA:174,1
DA:175,2
DA:177,2
DA:181,1
DA:186,1
DA:188,2
DA:190,1
DA:191,1
DA:192,0
DA:196,0
DA:199,0
DA:201,0
DA:202,0
DA:203,0
DA:204,0
DA:205,0
DA:208,2
DA:212,1
DA:213,1
DA:214,2
DA:215,2
DA:216,1
DA:217,1
DA:218,2
DA:220,1
DA:221,1
DA:223,2
DA:224,2
DA:228,1
DA:230,2
DA:232,1
DA:233,1
DA:234,0
DA:237,0
DA:240,0
DA:243,0
DA:248,2
DA:252,2
DA:253,6
DA:254,4
DA:255,6
DA:257,0
DA:264,1
DA:274,3
DA:275,0
DA:277,1
DA:284,1
DA:286,2
DA:288,2
DA:292,0
DA:296,0
DA:297,0
DA:298,0
DA:299,0
DA:300,0
DA:302,0
DA:303,0
DA:306,1
DA:308,1
DA:310,0
DA:311,0
DA:312,0
DA:313,0
DA:314,0
DA:315,0
DA:316,0
DA:317,0
DA:320,2
DA:331,1
DA:332,2
DA:334,2
DA:335,1
DA:336,1
DA:337,1
DA:338,1
DA:339,2
DA:341,1
DA:345,0
DA:346,0
DA:351,0
DA:352,0
DA:353,0
DA:354,0
DA:356,0
DA:357,0
DA:358,0
DA:360,0
DA:361,0
DA:362,0
DA:363,0
DA:364,0
DA:365,0
LF:165
LH:108
end_of_record
SF:lib/features/workout/pages/session_summary_screen.dart
DA:15,1
DA:17,1
DA:19,1
DA:21,1
DA:39,1
DA:40,1
DA:41,3
DA:42,0
DA:43,3
DA:45,1
DA:46,1
DA:48,1
DA:56,0
DA:57,0
DA:61,0
DA:62,0
DA:63,0
DA:69,0
DA:72,0
DA:73,0
DA:74,0
DA:75,0
DA:80,0
DA:81,0
DA:83,0
DA:84,0
DA:87,0
DA:88,0
DA:89,0
DA:93,0
DA:95,0
DA:96,0
DA:98,0
DA:99,0
DA:100,0
DA:105,0
DA:107,0
DA:109,0
DA:121,0
DA:130,0
DA:136,0
DA:138,0
DA:142,0
DA:143,0
DA:150,0
DA:153,0
DA:154,0
DA:155,0
DA:172,0
DA:184,0
DA:190,0
DA:192,0
DA:194,0
DA:195,0
DA:197,0
DA:199,0
DA:200,0
DA:201,0
DA:202,0
DA:208,0
DA:265,0
DA:266,0
DA:267,0
DA:268,0
DA:269,0
DA:270,0
DA:271,0
DA:276,0
DA:278,0
DA:279,0
DA:281,0
DA:282,0
DA:283,0
DA:285,0
DA:286,0
DA:295,0
DA:297,0
DA:298,0
DA:308,0
DA:310,0
DA:311,0
DA:321,0
DA:323,0
DA:324,0
DA:341,0
DA:343,0
DA:345,0
DA:346,0
DA:348,0
DA:349,0
DA:362,0
DA:364,0
DA:365,0
DA:375,0
DA:377,0
DA:378,0
DA:413,0
DA:418,0
DA:420,0
DA:422,0
DA:424,0
DA:425,0
DA:426,0
DA:427,0
DA:433,0
DA:434,0
DA:435,0
DA:437,0
DA:438,0
DA:439,0
DA:448,0
DA:449,0
DA:467,0
DA:473,0
DA:474,0
DA:479,0
DA:481,0
DA:482,0
DA:483,0
DA:484,0
DA:485,0
DA:486,0
DA:488,0
DA:489,0
DA:492,0
DA:494,0
DA:495,0
DA:496,0
DA:497,0
DA:503,0
DA:506,0
DA:507,0
DA:509,0
DA:510,0
LF:134
LH:11
end_of_record
SF:lib/firebase_options.dart
DA:18,0
DA:22,0
DA:23,0
DA:25,0
DA:27,0
DA:29,0
DA:31,0
DA:32,0
DA:37,0
LF:9
LH:0
end_of_record
